<?xml version="1.0" encoding="UTF-8"?>
<testsuite name="com.dws.challenge.AccountsServiceTest" tests="1" skipped="0" failures="0" errors="0" timestamp="2024-07-08T11:51:36" hostname="DEVANSHI" time="0.677">
  <properties/>
  <testcase name="concurrentTransferMoneyTestSameAccount()" classname="com.dws.challenge.AccountsServiceTest" time="0.677"/>
  <system-out><![CDATA[17:21:33.377 [Test worker] DEBUG org.springframework.test.context.BootstrapUtils - Instantiating CacheAwareContextLoaderDelegate from class [org.springframework.test.context.cache.DefaultCacheAwareContextLoaderDelegate]
17:21:33.408 [Test worker] DEBUG org.springframework.test.context.BootstrapUtils - Instantiating BootstrapContext using constructor [public org.springframework.test.context.support.DefaultBootstrapContext(java.lang.Class,org.springframework.test.context.CacheAwareContextLoaderDelegate)]
17:21:33.455 [Test worker] DEBUG org.springframework.test.context.BootstrapUtils - Instantiating TestContextBootstrapper for test class [com.dws.challenge.AccountsServiceTest] from class [org.springframework.boot.test.context.SpringBootTestContextBootstrapper]
17:21:33.487 [Test worker] INFO org.springframework.boot.test.context.SpringBootTestContextBootstrapper - Neither @ContextConfiguration nor @ContextHierarchy found for test class [com.dws.challenge.AccountsServiceTest], using SpringBootContextLoader
17:21:33.487 [Test worker] DEBUG org.springframework.test.context.support.AbstractContextLoader - Did not detect default resource location for test class [com.dws.challenge.AccountsServiceTest]: class path resource [com/dws/challenge/AccountsServiceTest-context.xml] does not exist
17:21:33.487 [Test worker] DEBUG org.springframework.test.context.support.AbstractContextLoader - Did not detect default resource location for test class [com.dws.challenge.AccountsServiceTest]: class path resource [com/dws/challenge/AccountsServiceTestContext.groovy] does not exist
17:21:33.487 [Test worker] INFO org.springframework.test.context.support.AbstractContextLoader - Could not detect default resource locations for test class [com.dws.challenge.AccountsServiceTest]: no resource found for suffixes {-context.xml, Context.groovy}.
17:21:33.487 [Test worker] INFO org.springframework.test.context.support.AnnotationConfigContextLoaderUtils - Could not detect default configuration classes for test class [com.dws.challenge.AccountsServiceTest]: AccountsServiceTest does not declare any static, non-private, non-final, nested classes annotated with @Configuration.
17:21:33.565 [Test worker] DEBUG org.springframework.test.context.support.ActiveProfilesUtils - Could not find an 'annotation declaring class' for annotation type [org.springframework.test.context.ActiveProfiles] and class [com.dws.challenge.AccountsServiceTest]
17:21:33.674 [Test worker] DEBUG org.springframework.context.annotation.ClassPathScanningCandidateComponentProvider - Identified candidate component class: file [D:\Abhik\Code\challenge\build\classes\java\main\com\dws\challenge\ChallengeApplication.class]
17:21:33.674 [Test worker] INFO org.springframework.boot.test.context.SpringBootTestContextBootstrapper - Found @SpringBootConfiguration com.dws.challenge.ChallengeApplication for test class com.dws.challenge.AccountsServiceTest
17:21:33.851 [Test worker] DEBUG org.springframework.boot.test.context.SpringBootTestContextBootstrapper - @TestExecutionListeners is not present for class [com.dws.challenge.AccountsServiceTest]: using defaults.
17:21:33.851 [Test worker] INFO org.springframework.boot.test.context.SpringBootTestContextBootstrapper - Loaded default TestExecutionListener class names from location [META-INF/spring.factories]: [org.springframework.boot.test.autoconfigure.restdocs.RestDocsTestExecutionListener, org.springframework.boot.test.autoconfigure.web.client.MockRestServiceServerResetTestExecutionListener, org.springframework.boot.test.autoconfigure.web.servlet.MockMvcPrintOnlyOnFailureTestExecutionListener, org.springframework.boot.test.autoconfigure.web.servlet.WebDriverTestExecutionListener, org.springframework.boot.test.autoconfigure.webservices.client.MockWebServiceServerTestExecutionListener, org.springframework.boot.test.mock.mockito.MockitoTestExecutionListener, org.springframework.boot.test.mock.mockito.ResetMocksTestExecutionListener, org.springframework.test.context.web.ServletTestExecutionListener, org.springframework.test.context.support.DirtiesContextBeforeModesTestExecutionListener, org.springframework.test.context.event.ApplicationEventsTestExecutionListener, org.springframework.test.context.support.DependencyInjectionTestExecutionListener, org.springframework.test.context.support.DirtiesContextTestExecutionListener, org.springframework.test.context.transaction.TransactionalTestExecutionListener, org.springframework.test.context.jdbc.SqlScriptsTestExecutionListener, org.springframework.test.context.event.EventPublishingTestExecutionListener]
17:21:33.866 [Test worker] DEBUG org.springframework.boot.test.context.SpringBootTestContextBootstrapper - Skipping candidate TestExecutionListener [org.springframework.test.context.transaction.TransactionalTestExecutionListener] due to a missing dependency. Specify custom listener classes or make the default listener classes and their required dependencies available. Offending class: [org/springframework/transaction/interceptor/TransactionAttributeSource]
17:21:33.866 [Test worker] DEBUG org.springframework.boot.test.context.SpringBootTestContextBootstrapper - Skipping candidate TestExecutionListener [org.springframework.test.context.jdbc.SqlScriptsTestExecutionListener] due to a missing dependency. Specify custom listener classes or make the default listener classes and their required dependencies available. Offending class: [org/springframework/transaction/interceptor/TransactionAttribute]
17:21:33.866 [Test worker] INFO org.springframework.boot.test.context.SpringBootTestContextBootstrapper - Using TestExecutionListeners: [org.springframework.test.context.web.ServletTestExecutionListener@5ce8d869, org.springframework.test.context.support.DirtiesContextBeforeModesTestExecutionListener@27eedb64, org.springframework.test.context.event.ApplicationEventsTestExecutionListener@64c63c79, org.springframework.boot.test.mock.mockito.MockitoTestExecutionListener@31c7528f, org.springframework.boot.test.autoconfigure.SpringBootDependencyInjectionTestExecutionListener@2b76ff4e, org.springframework.test.context.support.DirtiesContextTestExecutionListener@7a1234bf, org.springframework.test.context.event.EventPublishingTestExecutionListener@2f62ea70, org.springframework.boot.test.autoconfigure.restdocs.RestDocsTestExecutionListener@24ba9639, org.springframework.boot.test.autoconfigure.web.client.MockRestServiceServerResetTestExecutionListener@38aa816f, org.springframework.boot.test.autoconfigure.web.servlet.MockMvcPrintOnlyOnFailureTestExecutionListener@53f6fd09, org.springframework.boot.test.autoconfigure.web.servlet.WebDriverTestExecutionListener@6bffbc6d, org.springframework.boot.test.autoconfigure.webservices.client.MockWebServiceServerTestExecutionListener@1b84f475, org.springframework.boot.test.mock.mockito.ResetMocksTestExecutionListener@7749bf93]
17:21:33.882 [Test worker] DEBUG org.springframework.test.context.support.AbstractDirtiesContextTestExecutionListener - Before test class: context [DefaultTestContext@336f1079 testClass = AccountsServiceTest, testInstance = [null], testMethod = [null], testException = [null], mergedContextConfiguration = [WebMergedContextConfiguration@2f16c6b3 testClass = AccountsServiceTest, locations = '{}', classes = '{class com.dws.challenge.ChallengeApplication}', contextInitializerClasses = '[]', activeProfiles = '{}', propertySourceLocations = '{}', propertySourceProperties = '{org.springframework.boot.test.context.SpringBootTestContextBootstrapper=true}', contextCustomizers = set[org.springframework.boot.test.autoconfigure.actuate.metrics.MetricsExportContextCustomizerFactory$DisableMetricExportContextCustomizer@61c4eee0, org.springframework.boot.test.autoconfigure.properties.PropertyMappingContextCustomizer@0, org.springframework.boot.test.autoconfigure.web.servlet.WebDriverContextCustomizerFactory$Customizer@4d1bf319, org.springframework.boot.test.context.filter.ExcludeFilterContextCustomizer@4007f65e, org.springframework.boot.test.json.DuplicateJsonObjectContextCustomizerFactory$DuplicateJsonObjectContextCustomizer@5965d37, org.springframework.boot.test.mock.mockito.MockitoContextCustomizer@0, org.springframework.boot.test.web.client.TestRestTemplateContextCustomizer@194fad1, org.springframework.boot.test.context.SpringBootTestArgs@1, org.springframework.boot.test.context.SpringBootTestWebEnvironment@460d0a57], resourceBasePath = 'src/main/webapp', contextLoader = 'org.springframework.boot.test.context.SpringBootContextLoader', parent = [null]], attributes = map['org.springframework.test.context.web.ServletTestExecutionListener.activateListener' -> true]], class annotated with @DirtiesContext [false] with mode [null].

  .   ____          _            __ _ _
 /\\ / ___'_ __ _ _(_)_ __  __ _ \ \ \ \
( ( )\___ | '_ | '_| | '_ \/ _` | \ \ \ \
 \\/  ___)| |_)| | | | | || (_| |  ) ) ) )
  '  |____| .__|_| |_|_| |_\__, | / / / /
 =========|_|==============|___/=/_/_/_/
 :: Spring Boot ::                (v2.6.6)

2024-07-08 17:21:34.379  INFO 13800 --- [    Test worker] com.dws.challenge.AccountsServiceTest    : Starting AccountsServiceTest using Java 1.8.0_391 on Devanshi with PID 13800 (started by Hp in D:\Abhik\Code\challenge)
2024-07-08 17:21:34.379  INFO 13800 --- [    Test worker] com.dws.challenge.AccountsServiceTest    : No active profile set, falling back to 1 default profile: "default"
2024-07-08 17:21:36.696  INFO 13800 --- [    Test worker] com.dws.challenge.AccountsServiceTest    : Started AccountsServiceTest in 2.766 seconds (JVM running for 5.077)
2024-07-08 17:21:37.109  INFO 13800 --- [pool-1-thread-3] c.d.c.service.EmailNotificationService   : Sending notification to owner of b0cfa62d-347a-4036-8473-165fd9d77937: Amount of 2 has to sent to Account number ab40bf51-7385-45aa-badb-e80fda293cc0
2024-07-08 17:21:37.119  INFO 13800 --- [pool-1-thread-3] c.d.c.service.EmailNotificationService   : Sending notification to owner of ab40bf51-7385-45aa-badb-e80fda293cc0: Amount of 2 has been received from Account number b0cfa62d-347a-4036-8473-165fd9d77937
2024-07-08 17:21:37.119  INFO 13800 --- [pool-1-thread-3] c.d.c.service.EmailNotificationService   : Sending notification to owner of b0cfa62d-347a-4036-8473-165fd9d77937: Amount of 2 has to sent to Account number ab40bf51-7385-45aa-badb-e80fda293cc0
2024-07-08 17:21:37.119  INFO 13800 --- [pool-1-thread-3] c.d.c.service.EmailNotificationService   : Sending notification to owner of ab40bf51-7385-45aa-badb-e80fda293cc0: Amount of 2 has been received from Account number b0cfa62d-347a-4036-8473-165fd9d77937
2024-07-08 17:21:37.119  INFO 13800 --- [pool-1-thread-3] c.d.c.service.EmailNotificationService   : Sending notification to owner of b0cfa62d-347a-4036-8473-165fd9d77937: Amount of 1 has to sent to Account number ab40bf51-7385-45aa-badb-e80fda293cc0
2024-07-08 17:21:37.119  INFO 13800 --- [pool-1-thread-3] c.d.c.service.EmailNotificationService   : Sending notification to owner of ab40bf51-7385-45aa-badb-e80fda293cc0: Amount of 1 has been received from Account number b0cfa62d-347a-4036-8473-165fd9d77937
2024-07-08 17:21:37.119  INFO 13800 --- [pool-1-thread-3] c.d.c.service.EmailNotificationService   : Sending notification to owner of b0cfa62d-347a-4036-8473-165fd9d77937: Amount of 5 has to sent to Account number ab40bf51-7385-45aa-badb-e80fda293cc0
2024-07-08 17:21:37.119  INFO 13800 --- [pool-1-thread-3] c.d.c.service.EmailNotificationService   : Sending notification to owner of ab40bf51-7385-45aa-badb-e80fda293cc0: Amount of 5 has been received from Account number b0cfa62d-347a-4036-8473-165fd9d77937
2024-07-08 17:21:37.119  INFO 13800 --- [pool-1-thread-3] c.d.c.service.EmailNotificationService   : Sending notification to owner of b0cfa62d-347a-4036-8473-165fd9d77937: Amount of 3 has to sent to Account number ab40bf51-7385-45aa-badb-e80fda293cc0
2024-07-08 17:21:37.119  INFO 13800 --- [pool-1-thread-3] c.d.c.service.EmailNotificationService   : Sending notification to owner of ab40bf51-7385-45aa-badb-e80fda293cc0: Amount of 3 has been received from Account number b0cfa62d-347a-4036-8473-165fd9d77937
2024-07-08 17:21:37.119  INFO 13800 --- [pool-1-thread-3] c.d.c.service.EmailNotificationService   : Sending notification to owner of b0cfa62d-347a-4036-8473-165fd9d77937: Amount of 10 has to sent to Account number ab40bf51-7385-45aa-badb-e80fda293cc0
2024-07-08 17:21:37.119  INFO 13800 --- [pool-1-thread-3] c.d.c.service.EmailNotificationService   : Sending notification to owner of ab40bf51-7385-45aa-badb-e80fda293cc0: Amount of 10 has been received from Account number b0cfa62d-347a-4036-8473-165fd9d77937
2024-07-08 17:21:37.119  INFO 13800 --- [pool-1-thread-3] c.d.c.service.EmailNotificationService   : Sending notification to owner of b0cfa62d-347a-4036-8473-165fd9d77937: Amount of 7 has to sent to Account number ab40bf51-7385-45aa-badb-e80fda293cc0
2024-07-08 17:21:37.119  INFO 13800 --- [pool-1-thread-3] c.d.c.service.EmailNotificationService   : Sending notification to owner of ab40bf51-7385-45aa-badb-e80fda293cc0: Amount of 7 has been received from Account number b0cfa62d-347a-4036-8473-165fd9d77937
2024-07-08 17:21:37.119  INFO 13800 --- [pool-1-thread-3] c.d.c.service.EmailNotificationService   : Sending notification to owner of b0cfa62d-347a-4036-8473-165fd9d77937: Amount of 6 has to sent to Account number ab40bf51-7385-45aa-badb-e80fda293cc0
2024-07-08 17:21:37.119  INFO 13800 --- [pool-1-thread-3] c.d.c.service.EmailNotificationService   : Sending notification to owner of ab40bf51-7385-45aa-badb-e80fda293cc0: Amount of 6 has been received from Account number b0cfa62d-347a-4036-8473-165fd9d77937
2024-07-08 17:21:37.119  INFO 13800 --- [pool-1-thread-3] c.d.c.service.EmailNotificationService   : Sending notification to owner of b0cfa62d-347a-4036-8473-165fd9d77937: Amount of 9 has to sent to Account number ab40bf51-7385-45aa-badb-e80fda293cc0
2024-07-08 17:21:37.119  INFO 13800 --- [pool-1-thread-3] c.d.c.service.EmailNotificationService   : Sending notification to owner of ab40bf51-7385-45aa-badb-e80fda293cc0: Amount of 9 has been received from Account number b0cfa62d-347a-4036-8473-165fd9d77937
2024-07-08 17:21:37.119  INFO 13800 --- [pool-1-thread-3] c.d.c.service.EmailNotificationService   : Sending notification to owner of b0cfa62d-347a-4036-8473-165fd9d77937: Amount of 10 has to sent to Account number ab40bf51-7385-45aa-badb-e80fda293cc0
2024-07-08 17:21:37.119  INFO 13800 --- [pool-1-thread-3] c.d.c.service.EmailNotificationService   : Sending notification to owner of ab40bf51-7385-45aa-badb-e80fda293cc0: Amount of 10 has been received from Account number b0cfa62d-347a-4036-8473-165fd9d77937
2024-07-08 17:21:37.119  INFO 13800 --- [pool-1-thread-3] c.d.c.service.EmailNotificationService   : Sending notification to owner of b0cfa62d-347a-4036-8473-165fd9d77937: Amount of 1 has to sent to Account number ab40bf51-7385-45aa-badb-e80fda293cc0
2024-07-08 17:21:37.119  INFO 13800 --- [pool-1-thread-3] c.d.c.service.EmailNotificationService   : Sending notification to owner of ab40bf51-7385-45aa-badb-e80fda293cc0: Amount of 1 has been received from Account number b0cfa62d-347a-4036-8473-165fd9d77937
2024-07-08 17:21:37.119  INFO 13800 --- [pool-1-thread-3] c.d.c.service.EmailNotificationService   : Sending notification to owner of b0cfa62d-347a-4036-8473-165fd9d77937: Amount of 5 has to sent to Account number ab40bf51-7385-45aa-badb-e80fda293cc0
2024-07-08 17:21:37.119  INFO 13800 --- [pool-1-thread-3] c.d.c.service.EmailNotificationService   : Sending notification to owner of ab40bf51-7385-45aa-badb-e80fda293cc0: Amount of 5 has been received from Account number b0cfa62d-347a-4036-8473-165fd9d77937
2024-07-08 17:21:37.119  INFO 13800 --- [pool-1-thread-3] c.d.c.service.EmailNotificationService   : Sending notification to owner of b0cfa62d-347a-4036-8473-165fd9d77937: Amount of 2 has to sent to Account number ab40bf51-7385-45aa-badb-e80fda293cc0
2024-07-08 17:21:37.119  INFO 13800 --- [pool-1-thread-3] c.d.c.service.EmailNotificationService   : Sending notification to owner of ab40bf51-7385-45aa-badb-e80fda293cc0: Amount of 2 has been received from Account number b0cfa62d-347a-4036-8473-165fd9d77937
2024-07-08 17:21:37.119  INFO 13800 --- [pool-1-thread-3] c.d.c.service.EmailNotificationService   : Sending notification to owner of b0cfa62d-347a-4036-8473-165fd9d77937: Amount of 7 has to sent to Account number ab40bf51-7385-45aa-badb-e80fda293cc0
2024-07-08 17:21:37.119  INFO 13800 --- [pool-1-thread-3] c.d.c.service.EmailNotificationService   : Sending notification to owner of ab40bf51-7385-45aa-badb-e80fda293cc0: Amount of 7 has been received from Account number b0cfa62d-347a-4036-8473-165fd9d77937
2024-07-08 17:21:37.119  INFO 13800 --- [pool-1-thread-3] c.d.c.service.EmailNotificationService   : Sending notification to owner of b0cfa62d-347a-4036-8473-165fd9d77937: Amount of 8 has to sent to Account number ab40bf51-7385-45aa-badb-e80fda293cc0
2024-07-08 17:21:37.119  INFO 13800 --- [pool-1-thread-3] c.d.c.service.EmailNotificationService   : Sending notification to owner of ab40bf51-7385-45aa-badb-e80fda293cc0: Amount of 8 has been received from Account number b0cfa62d-347a-4036-8473-165fd9d77937
2024-07-08 17:21:37.119  INFO 13800 --- [pool-1-thread-3] c.d.c.service.EmailNotificationService   : Sending notification to owner of b0cfa62d-347a-4036-8473-165fd9d77937: Amount of 6 has to sent to Account number ab40bf51-7385-45aa-badb-e80fda293cc0
2024-07-08 17:21:37.119  INFO 13800 --- [pool-1-thread-3] c.d.c.service.EmailNotificationService   : Sending notification to owner of ab40bf51-7385-45aa-badb-e80fda293cc0: Amount of 6 has been received from Account number b0cfa62d-347a-4036-8473-165fd9d77937
2024-07-08 17:21:37.119  INFO 13800 --- [pool-1-thread-3] c.d.c.service.EmailNotificationService   : Sending notification to owner of b0cfa62d-347a-4036-8473-165fd9d77937: Amount of 1 has to sent to Account number ab40bf51-7385-45aa-badb-e80fda293cc0
2024-07-08 17:21:37.119  INFO 13800 --- [pool-1-thread-3] c.d.c.service.EmailNotificationService   : Sending notification to owner of ab40bf51-7385-45aa-badb-e80fda293cc0: Amount of 1 has been received from Account number b0cfa62d-347a-4036-8473-165fd9d77937
2024-07-08 17:21:37.109  INFO 13800 --- [pool-1-thread-7] c.d.c.service.EmailNotificationService   : Sending notification to owner of b0cfa62d-347a-4036-8473-165fd9d77937: Amount of 2 has to sent to Account number ab40bf51-7385-45aa-badb-e80fda293cc0
2024-07-08 17:21:37.119  INFO 13800 --- [pool-1-thread-3] c.d.c.service.EmailNotificationService   : Sending notification to owner of b0cfa62d-347a-4036-8473-165fd9d77937: Amount of 3 has to sent to Account number ab40bf51-7385-45aa-badb-e80fda293cc0
2024-07-08 17:21:37.109  INFO 13800 --- [ool-1-thread-10] c.d.c.service.EmailNotificationService   : Sending notification to owner of b0cfa62d-347a-4036-8473-165fd9d77937: Amount of 2 has to sent to Account number ab40bf51-7385-45aa-badb-e80fda293cc0
2024-07-08 17:21:37.119  INFO 13800 --- [pool-1-thread-3] c.d.c.service.EmailNotificationService   : Sending notification to owner of ab40bf51-7385-45aa-badb-e80fda293cc0: Amount of 3 has been received from Account number b0cfa62d-347a-4036-8473-165fd9d77937
2024-07-08 17:21:37.119  INFO 13800 --- [pool-1-thread-7] c.d.c.service.EmailNotificationService   : Sending notification to owner of ab40bf51-7385-45aa-badb-e80fda293cc0: Amount of 2 has been received from Account number b0cfa62d-347a-4036-8473-165fd9d77937
2024-07-08 17:21:37.119  INFO 13800 --- [pool-1-thread-3] c.d.c.service.EmailNotificationService   : Sending notification to owner of b0cfa62d-347a-4036-8473-165fd9d77937: Amount of 1 has to sent to Account number ab40bf51-7385-45aa-badb-e80fda293cc0
2024-07-08 17:21:37.134  INFO 13800 --- [pool-1-thread-7] c.d.c.service.EmailNotificationService   : Sending notification to owner of b0cfa62d-347a-4036-8473-165fd9d77937: Amount of 8 has to sent to Account number ab40bf51-7385-45aa-badb-e80fda293cc0
2024-07-08 17:21:37.134  INFO 13800 --- [pool-1-thread-7] c.d.c.service.EmailNotificationService   : Sending notification to owner of ab40bf51-7385-45aa-badb-e80fda293cc0: Amount of 8 has been received from Account number b0cfa62d-347a-4036-8473-165fd9d77937
2024-07-08 17:21:37.134  INFO 13800 --- [pool-1-thread-7] c.d.c.service.EmailNotificationService   : Sending notification to owner of b0cfa62d-347a-4036-8473-165fd9d77937: Amount of 5 has to sent to Account number ab40bf51-7385-45aa-badb-e80fda293cc0
2024-07-08 17:21:37.134  INFO 13800 --- [pool-1-thread-7] c.d.c.service.EmailNotificationService   : Sending notification to owner of ab40bf51-7385-45aa-badb-e80fda293cc0: Amount of 5 has been received from Account number b0cfa62d-347a-4036-8473-165fd9d77937
2024-07-08 17:21:37.134  INFO 13800 --- [pool-1-thread-7] c.d.c.service.EmailNotificationService   : Sending notification to owner of b0cfa62d-347a-4036-8473-165fd9d77937: Amount of 9 has to sent to Account number ab40bf51-7385-45aa-badb-e80fda293cc0
2024-07-08 17:21:37.134  INFO 13800 --- [pool-1-thread-7] c.d.c.service.EmailNotificationService   : Sending notification to owner of ab40bf51-7385-45aa-badb-e80fda293cc0: Amount of 9 has been received from Account number b0cfa62d-347a-4036-8473-165fd9d77937
2024-07-08 17:21:37.134  INFO 13800 --- [pool-1-thread-7] c.d.c.service.EmailNotificationService   : Sending notification to owner of b0cfa62d-347a-4036-8473-165fd9d77937: Amount of 6 has to sent to Account number ab40bf51-7385-45aa-badb-e80fda293cc0
2024-07-08 17:21:37.134  INFO 13800 --- [pool-1-thread-7] c.d.c.service.EmailNotificationService   : Sending notification to owner of ab40bf51-7385-45aa-badb-e80fda293cc0: Amount of 6 has been received from Account number b0cfa62d-347a-4036-8473-165fd9d77937
2024-07-08 17:21:37.134  INFO 13800 --- [pool-1-thread-7] c.d.c.service.EmailNotificationService   : Sending notification to owner of b0cfa62d-347a-4036-8473-165fd9d77937: Amount of 8 has to sent to Account number ab40bf51-7385-45aa-badb-e80fda293cc0
2024-07-08 17:21:37.134  INFO 13800 --- [pool-1-thread-7] c.d.c.service.EmailNotificationService   : Sending notification to owner of ab40bf51-7385-45aa-badb-e80fda293cc0: Amount of 8 has been received from Account number b0cfa62d-347a-4036-8473-165fd9d77937
2024-07-08 17:21:37.134  INFO 13800 --- [pool-1-thread-7] c.d.c.service.EmailNotificationService   : Sending notification to owner of b0cfa62d-347a-4036-8473-165fd9d77937: Amount of 2 has to sent to Account number ab40bf51-7385-45aa-badb-e80fda293cc0
2024-07-08 17:21:37.134  INFO 13800 --- [pool-1-thread-7] c.d.c.service.EmailNotificationService   : Sending notification to owner of ab40bf51-7385-45aa-badb-e80fda293cc0: Amount of 2 has been received from Account number b0cfa62d-347a-4036-8473-165fd9d77937
2024-07-08 17:21:37.134  INFO 13800 --- [pool-1-thread-7] c.d.c.service.EmailNotificationService   : Sending notification to owner of b0cfa62d-347a-4036-8473-165fd9d77937: Amount of 8 has to sent to Account number ab40bf51-7385-45aa-badb-e80fda293cc0
2024-07-08 17:21:37.134  INFO 13800 --- [pool-1-thread-7] c.d.c.service.EmailNotificationService   : Sending notification to owner of ab40bf51-7385-45aa-badb-e80fda293cc0: Amount of 8 has been received from Account number b0cfa62d-347a-4036-8473-165fd9d77937
2024-07-08 17:21:37.109  INFO 13800 --- [pool-1-thread-4] c.d.c.service.EmailNotificationService   : Sending notification to owner of b0cfa62d-347a-4036-8473-165fd9d77937: Amount of 3 has to sent to Account number ab40bf51-7385-45aa-badb-e80fda293cc0
2024-07-08 17:21:37.134  INFO 13800 --- [pool-1-thread-4] c.d.c.service.EmailNotificationService   : Sending notification to owner of ab40bf51-7385-45aa-badb-e80fda293cc0: Amount of 3 has been received from Account number b0cfa62d-347a-4036-8473-165fd9d77937
2024-07-08 17:21:37.134  INFO 13800 --- [pool-1-thread-4] c.d.c.service.EmailNotificationService   : Sending notification to owner of b0cfa62d-347a-4036-8473-165fd9d77937: Amount of 10 has to sent to Account number ab40bf51-7385-45aa-badb-e80fda293cc0
2024-07-08 17:21:37.134  INFO 13800 --- [pool-1-thread-4] c.d.c.service.EmailNotificationService   : Sending notification to owner of ab40bf51-7385-45aa-badb-e80fda293cc0: Amount of 10 has been received from Account number b0cfa62d-347a-4036-8473-165fd9d77937
2024-07-08 17:21:37.134  INFO 13800 --- [pool-1-thread-4] c.d.c.service.EmailNotificationService   : Sending notification to owner of b0cfa62d-347a-4036-8473-165fd9d77937: Amount of 4 has to sent to Account number ab40bf51-7385-45aa-badb-e80fda293cc0
2024-07-08 17:21:37.134  INFO 13800 --- [pool-1-thread-4] c.d.c.service.EmailNotificationService   : Sending notification to owner of ab40bf51-7385-45aa-badb-e80fda293cc0: Amount of 4 has been received from Account number b0cfa62d-347a-4036-8473-165fd9d77937
2024-07-08 17:21:37.134  INFO 13800 --- [pool-1-thread-4] c.d.c.service.EmailNotificationService   : Sending notification to owner of b0cfa62d-347a-4036-8473-165fd9d77937: Amount of 5 has to sent to Account number ab40bf51-7385-45aa-badb-e80fda293cc0
2024-07-08 17:21:37.134  INFO 13800 --- [pool-1-thread-4] c.d.c.service.EmailNotificationService   : Sending notification to owner of ab40bf51-7385-45aa-badb-e80fda293cc0: Amount of 5 has been received from Account number b0cfa62d-347a-4036-8473-165fd9d77937
2024-07-08 17:21:37.134  INFO 13800 --- [pool-1-thread-4] c.d.c.service.EmailNotificationService   : Sending notification to owner of b0cfa62d-347a-4036-8473-165fd9d77937: Amount of 4 has to sent to Account number ab40bf51-7385-45aa-badb-e80fda293cc0
2024-07-08 17:21:37.134  INFO 13800 --- [pool-1-thread-4] c.d.c.service.EmailNotificationService   : Sending notification to owner of ab40bf51-7385-45aa-badb-e80fda293cc0: Amount of 4 has been received from Account number b0cfa62d-347a-4036-8473-165fd9d77937
2024-07-08 17:21:37.134  INFO 13800 --- [pool-1-thread-4] c.d.c.service.EmailNotificationService   : Sending notification to owner of b0cfa62d-347a-4036-8473-165fd9d77937: Amount of 7 has to sent to Account number ab40bf51-7385-45aa-badb-e80fda293cc0
2024-07-08 17:21:37.134  INFO 13800 --- [pool-1-thread-4] c.d.c.service.EmailNotificationService   : Sending notification to owner of ab40bf51-7385-45aa-badb-e80fda293cc0: Amount of 7 has been received from Account number b0cfa62d-347a-4036-8473-165fd9d77937
2024-07-08 17:21:37.109  INFO 13800 --- [pool-1-thread-2] c.d.c.service.EmailNotificationService   : Sending notification to owner of b0cfa62d-347a-4036-8473-165fd9d77937: Amount of 1 has to sent to Account number ab40bf51-7385-45aa-badb-e80fda293cc0
2024-07-08 17:21:37.155  INFO 13800 --- [pool-1-thread-2] c.d.c.service.EmailNotificationService   : Sending notification to owner of ab40bf51-7385-45aa-badb-e80fda293cc0: Amount of 1 has been received from Account number b0cfa62d-347a-4036-8473-165fd9d77937
2024-07-08 17:21:37.155  INFO 13800 --- [pool-1-thread-2] c.d.c.service.EmailNotificationService   : Sending notification to owner of b0cfa62d-347a-4036-8473-165fd9d77937: Amount of 10 has to sent to Account number ab40bf51-7385-45aa-badb-e80fda293cc0
2024-07-08 17:21:37.155  INFO 13800 --- [pool-1-thread-2] c.d.c.service.EmailNotificationService   : Sending notification to owner of ab40bf51-7385-45aa-badb-e80fda293cc0: Amount of 10 has been received from Account number b0cfa62d-347a-4036-8473-165fd9d77937
2024-07-08 17:21:37.155  INFO 13800 --- [pool-1-thread-2] c.d.c.service.EmailNotificationService   : Sending notification to owner of b0cfa62d-347a-4036-8473-165fd9d77937: Amount of 2 has to sent to Account number ab40bf51-7385-45aa-badb-e80fda293cc0
2024-07-08 17:21:37.155  INFO 13800 --- [pool-1-thread-2] c.d.c.service.EmailNotificationService   : Sending notification to owner of ab40bf51-7385-45aa-badb-e80fda293cc0: Amount of 2 has been received from Account number b0cfa62d-347a-4036-8473-165fd9d77937
2024-07-08 17:21:37.155  INFO 13800 --- [pool-1-thread-2] c.d.c.service.EmailNotificationService   : Sending notification to owner of b0cfa62d-347a-4036-8473-165fd9d77937: Amount of 8 has to sent to Account number ab40bf51-7385-45aa-badb-e80fda293cc0
2024-07-08 17:21:37.155  INFO 13800 --- [pool-1-thread-2] c.d.c.service.EmailNotificationService   : Sending notification to owner of ab40bf51-7385-45aa-badb-e80fda293cc0: Amount of 8 has been received from Account number b0cfa62d-347a-4036-8473-165fd9d77937
2024-07-08 17:21:37.155  INFO 13800 --- [pool-1-thread-2] c.d.c.service.EmailNotificationService   : Sending notification to owner of b0cfa62d-347a-4036-8473-165fd9d77937: Amount of 4 has to sent to Account number ab40bf51-7385-45aa-badb-e80fda293cc0
2024-07-08 17:21:37.155  INFO 13800 --- [pool-1-thread-2] c.d.c.service.EmailNotificationService   : Sending notification to owner of ab40bf51-7385-45aa-badb-e80fda293cc0: Amount of 4 has been received from Account number b0cfa62d-347a-4036-8473-165fd9d77937
2024-07-08 17:21:37.155  INFO 13800 --- [pool-1-thread-2] c.d.c.service.EmailNotificationService   : Sending notification to owner of b0cfa62d-347a-4036-8473-165fd9d77937: Amount of 1 has to sent to Account number ab40bf51-7385-45aa-badb-e80fda293cc0
2024-07-08 17:21:37.109  INFO 13800 --- [pool-1-thread-1] c.d.c.service.EmailNotificationService   : Sending notification to owner of b0cfa62d-347a-4036-8473-165fd9d77937: Amount of 10 has to sent to Account number ab40bf51-7385-45aa-badb-e80fda293cc0
2024-07-08 17:21:37.155  INFO 13800 --- [pool-1-thread-1] c.d.c.service.EmailNotificationService   : Sending notification to owner of ab40bf51-7385-45aa-badb-e80fda293cc0: Amount of 10 has been received from Account number b0cfa62d-347a-4036-8473-165fd9d77937
2024-07-08 17:21:37.153  INFO 13800 --- [pool-1-thread-4] c.d.c.service.EmailNotificationService   : Sending notification to owner of b0cfa62d-347a-4036-8473-165fd9d77937: Amount of 1 has to sent to Account number ab40bf51-7385-45aa-badb-e80fda293cc0
2024-07-08 17:21:37.155  INFO 13800 --- [pool-1-thread-4] c.d.c.service.EmailNotificationService   : Sending notification to owner of ab40bf51-7385-45aa-badb-e80fda293cc0: Amount of 1 has been received from Account number b0cfa62d-347a-4036-8473-165fd9d77937
2024-07-08 17:21:37.155  INFO 13800 --- [pool-1-thread-4] c.d.c.service.EmailNotificationService   : Sending notification to owner of b0cfa62d-347a-4036-8473-165fd9d77937: Amount of 5 has to sent to Account number ab40bf51-7385-45aa-badb-e80fda293cc0
2024-07-08 17:21:37.109  INFO 13800 --- [pool-1-thread-8] c.d.c.service.EmailNotificationService   : Sending notification to owner of b0cfa62d-347a-4036-8473-165fd9d77937: Amount of 4 has to sent to Account number ab40bf51-7385-45aa-badb-e80fda293cc0
2024-07-08 17:21:37.160  INFO 13800 --- [pool-1-thread-4] c.d.c.service.EmailNotificationService   : Sending notification to owner of ab40bf51-7385-45aa-badb-e80fda293cc0: Amount of 5 has been received from Account number b0cfa62d-347a-4036-8473-165fd9d77937
2024-07-08 17:21:37.109  INFO 13800 --- [pool-1-thread-6] c.d.c.service.EmailNotificationService   : Sending notification to owner of b0cfa62d-347a-4036-8473-165fd9d77937: Amount of 10 has to sent to Account number ab40bf51-7385-45aa-badb-e80fda293cc0
2024-07-08 17:21:37.160  INFO 13800 --- [pool-1-thread-6] c.d.c.service.EmailNotificationService   : Sending notification to owner of ab40bf51-7385-45aa-badb-e80fda293cc0: Amount of 10 has been received from Account number b0cfa62d-347a-4036-8473-165fd9d77937
2024-07-08 17:21:37.160  INFO 13800 --- [pool-1-thread-6] c.d.c.service.EmailNotificationService   : Sending notification to owner of b0cfa62d-347a-4036-8473-165fd9d77937: Amount of 6 has to sent to Account number ab40bf51-7385-45aa-badb-e80fda293cc0
2024-07-08 17:21:37.160  INFO 13800 --- [pool-1-thread-6] c.d.c.service.EmailNotificationService   : Sending notification to owner of ab40bf51-7385-45aa-badb-e80fda293cc0: Amount of 6 has been received from Account number b0cfa62d-347a-4036-8473-165fd9d77937
2024-07-08 17:21:37.160  INFO 13800 --- [pool-1-thread-6] c.d.c.service.EmailNotificationService   : Sending notification to owner of b0cfa62d-347a-4036-8473-165fd9d77937: Amount of 8 has to sent to Account number ab40bf51-7385-45aa-badb-e80fda293cc0
2024-07-08 17:21:37.160  INFO 13800 --- [pool-1-thread-4] c.d.c.service.EmailNotificationService   : Sending notification to owner of b0cfa62d-347a-4036-8473-165fd9d77937: Amount of 3 has to sent to Account number ab40bf51-7385-45aa-badb-e80fda293cc0
2024-07-08 17:21:37.160  INFO 13800 --- [pool-1-thread-4] c.d.c.service.EmailNotificationService   : Sending notification to owner of ab40bf51-7385-45aa-badb-e80fda293cc0: Amount of 3 has been received from Account number b0cfa62d-347a-4036-8473-165fd9d77937
2024-07-08 17:21:37.160  INFO 13800 --- [pool-1-thread-4] c.d.c.service.EmailNotificationService   : Sending notification to owner of b0cfa62d-347a-4036-8473-165fd9d77937: Amount of 10 has to sent to Account number ab40bf51-7385-45aa-badb-e80fda293cc0
2024-07-08 17:21:37.160  INFO 13800 --- [pool-1-thread-4] c.d.c.service.EmailNotificationService   : Sending notification to owner of ab40bf51-7385-45aa-badb-e80fda293cc0: Amount of 10 has been received from Account number b0cfa62d-347a-4036-8473-165fd9d77937
2024-07-08 17:21:37.109  INFO 13800 --- [pool-1-thread-9] c.d.c.service.EmailNotificationService   : Sending notification to owner of b0cfa62d-347a-4036-8473-165fd9d77937: Amount of 2 has to sent to Account number ab40bf51-7385-45aa-badb-e80fda293cc0
2024-07-08 17:21:37.160  INFO 13800 --- [pool-1-thread-9] c.d.c.service.EmailNotificationService   : Sending notification to owner of ab40bf51-7385-45aa-badb-e80fda293cc0: Amount of 2 has been received from Account number b0cfa62d-347a-4036-8473-165fd9d77937
2024-07-08 17:21:37.160  INFO 13800 --- [pool-1-thread-9] c.d.c.service.EmailNotificationService   : Sending notification to owner of b0cfa62d-347a-4036-8473-165fd9d77937: Amount of 7 has to sent to Account number ab40bf51-7385-45aa-badb-e80fda293cc0
2024-07-08 17:21:37.160  INFO 13800 --- [pool-1-thread-9] c.d.c.service.EmailNotificationService   : Sending notification to owner of ab40bf51-7385-45aa-badb-e80fda293cc0: Amount of 7 has been received from Account number b0cfa62d-347a-4036-8473-165fd9d77937
2024-07-08 17:21:37.160  INFO 13800 --- [pool-1-thread-9] c.d.c.service.EmailNotificationService   : Sending notification to owner of b0cfa62d-347a-4036-8473-165fd9d77937: Amount of 7 has to sent to Account number ab40bf51-7385-45aa-badb-e80fda293cc0
2024-07-08 17:21:37.160  INFO 13800 --- [pool-1-thread-9] c.d.c.service.EmailNotificationService   : Sending notification to owner of ab40bf51-7385-45aa-badb-e80fda293cc0: Amount of 7 has been received from Account number b0cfa62d-347a-4036-8473-165fd9d77937
2024-07-08 17:21:37.160  INFO 13800 --- [pool-1-thread-9] c.d.c.service.EmailNotificationService   : Sending notification to owner of b0cfa62d-347a-4036-8473-165fd9d77937: Amount of 5 has to sent to Account number ab40bf51-7385-45aa-badb-e80fda293cc0
2024-07-08 17:21:37.160  INFO 13800 --- [pool-1-thread-9] c.d.c.service.EmailNotificationService   : Sending notification to owner of ab40bf51-7385-45aa-badb-e80fda293cc0: Amount of 5 has been received from Account number b0cfa62d-347a-4036-8473-165fd9d77937
2024-07-08 17:21:37.119  INFO 13800 --- [ool-1-thread-10] c.d.c.service.EmailNotificationService   : Sending notification to owner of ab40bf51-7385-45aa-badb-e80fda293cc0: Amount of 2 has been received from Account number b0cfa62d-347a-4036-8473-165fd9d77937
2024-07-08 17:21:37.160  INFO 13800 --- [pool-1-thread-9] c.d.c.service.EmailNotificationService   : Sending notification to owner of b0cfa62d-347a-4036-8473-165fd9d77937: Amount of 6 has to sent to Account number ab40bf51-7385-45aa-badb-e80fda293cc0
2024-07-08 17:21:37.160  INFO 13800 --- [ool-1-thread-10] c.d.c.service.EmailNotificationService   : Sending notification to owner of b0cfa62d-347a-4036-8473-165fd9d77937: Amount of 1 has to sent to Account number ab40bf51-7385-45aa-badb-e80fda293cc0
2024-07-08 17:21:37.134  INFO 13800 --- [pool-1-thread-3] c.d.c.service.EmailNotificationService   : Sending notification to owner of ab40bf51-7385-45aa-badb-e80fda293cc0: Amount of 1 has been received from Account number b0cfa62d-347a-4036-8473-165fd9d77937
2024-07-08 17:21:37.134  INFO 13800 --- [pool-1-thread-7] c.d.c.service.EmailNotificationService   : Sending notification to owner of b0cfa62d-347a-4036-8473-165fd9d77937: Amount of 1 has to sent to Account number ab40bf51-7385-45aa-badb-e80fda293cc0
2024-07-08 17:21:37.160  INFO 13800 --- [pool-1-thread-7] c.d.c.service.EmailNotificationService   : Sending notification to owner of ab40bf51-7385-45aa-badb-e80fda293cc0: Amount of 1 has been received from Account number b0cfa62d-347a-4036-8473-165fd9d77937
2024-07-08 17:21:37.160  INFO 13800 --- [pool-1-thread-7] c.d.c.service.EmailNotificationService   : Sending notification to owner of b0cfa62d-347a-4036-8473-165fd9d77937: Amount of 5 has to sent to Account number ab40bf51-7385-45aa-badb-e80fda293cc0
2024-07-08 17:21:37.160  INFO 13800 --- [pool-1-thread-7] c.d.c.service.EmailNotificationService   : Sending notification to owner of ab40bf51-7385-45aa-badb-e80fda293cc0: Amount of 5 has been received from Account number b0cfa62d-347a-4036-8473-165fd9d77937
2024-07-08 17:21:37.160  INFO 13800 --- [pool-1-thread-7] c.d.c.service.EmailNotificationService   : Sending notification to owner of b0cfa62d-347a-4036-8473-165fd9d77937: Amount of 7 has to sent to Account number ab40bf51-7385-45aa-badb-e80fda293cc0
2024-07-08 17:21:37.160  INFO 13800 --- [pool-1-thread-7] c.d.c.service.EmailNotificationService   : Sending notification to owner of ab40bf51-7385-45aa-badb-e80fda293cc0: Amount of 7 has been received from Account number b0cfa62d-347a-4036-8473-165fd9d77937
2024-07-08 17:21:37.160  INFO 13800 --- [pool-1-thread-7] c.d.c.service.EmailNotificationService   : Sending notification to owner of b0cfa62d-347a-4036-8473-165fd9d77937: Amount of 1 has to sent to Account number ab40bf51-7385-45aa-badb-e80fda293cc0
2024-07-08 17:21:37.109  INFO 13800 --- [pool-1-thread-5] c.d.c.service.EmailNotificationService   : Sending notification to owner of b0cfa62d-347a-4036-8473-165fd9d77937: Amount of 4 has to sent to Account number ab40bf51-7385-45aa-badb-e80fda293cc0
2024-07-08 17:21:37.174  INFO 13800 --- [pool-1-thread-5] c.d.c.service.EmailNotificationService   : Sending notification to owner of ab40bf51-7385-45aa-badb-e80fda293cc0: Amount of 4 has been received from Account number b0cfa62d-347a-4036-8473-165fd9d77937
2024-07-08 17:21:37.155  INFO 13800 --- [pool-1-thread-2] c.d.c.service.EmailNotificationService   : Sending notification to owner of ab40bf51-7385-45aa-badb-e80fda293cc0: Amount of 1 has been received from Account number b0cfa62d-347a-4036-8473-165fd9d77937
2024-07-08 17:21:37.155  INFO 13800 --- [pool-1-thread-1] c.d.c.service.EmailNotificationService   : Sending notification to owner of b0cfa62d-347a-4036-8473-165fd9d77937: Amount of 3 has to sent to Account number ab40bf51-7385-45aa-badb-e80fda293cc0
2024-07-08 17:21:37.174  INFO 13800 --- [pool-1-thread-1] c.d.c.service.EmailNotificationService   : Sending notification to owner of ab40bf51-7385-45aa-badb-e80fda293cc0: Amount of 3 has been received from Account number b0cfa62d-347a-4036-8473-165fd9d77937
2024-07-08 17:21:37.174  INFO 13800 --- [pool-1-thread-1] c.d.c.service.EmailNotificationService   : Sending notification to owner of b0cfa62d-347a-4036-8473-165fd9d77937: Amount of 3 has to sent to Account number ab40bf51-7385-45aa-badb-e80fda293cc0
2024-07-08 17:21:37.174  INFO 13800 --- [pool-1-thread-1] c.d.c.service.EmailNotificationService   : Sending notification to owner of ab40bf51-7385-45aa-badb-e80fda293cc0: Amount of 3 has been received from Account number b0cfa62d-347a-4036-8473-165fd9d77937
2024-07-08 17:21:37.160  INFO 13800 --- [pool-1-thread-8] c.d.c.service.EmailNotificationService   : Sending notification to owner of ab40bf51-7385-45aa-badb-e80fda293cc0: Amount of 4 has been received from Account number b0cfa62d-347a-4036-8473-165fd9d77937
2024-07-08 17:21:37.174  INFO 13800 --- [pool-1-thread-8] c.d.c.service.EmailNotificationService   : Sending notification to owner of b0cfa62d-347a-4036-8473-165fd9d77937: Amount of 3 has to sent to Account number ab40bf51-7385-45aa-badb-e80fda293cc0
2024-07-08 17:21:37.160  INFO 13800 --- [pool-1-thread-6] c.d.c.service.EmailNotificationService   : Sending notification to owner of ab40bf51-7385-45aa-badb-e80fda293cc0: Amount of 8 has been received from Account number b0cfa62d-347a-4036-8473-165fd9d77937
2024-07-08 17:21:37.174  INFO 13800 --- [pool-1-thread-8] c.d.c.service.EmailNotificationService   : Sending notification to owner of ab40bf51-7385-45aa-badb-e80fda293cc0: Amount of 3 has been received from Account number b0cfa62d-347a-4036-8473-165fd9d77937
2024-07-08 17:21:37.174  INFO 13800 --- [pool-1-thread-6] c.d.c.service.EmailNotificationService   : Sending notification to owner of b0cfa62d-347a-4036-8473-165fd9d77937: Amount of 8 has to sent to Account number ab40bf51-7385-45aa-badb-e80fda293cc0
2024-07-08 17:21:37.174  INFO 13800 --- [pool-1-thread-6] c.d.c.service.EmailNotificationService   : Sending notification to owner of ab40bf51-7385-45aa-badb-e80fda293cc0: Amount of 8 has been received from Account number b0cfa62d-347a-4036-8473-165fd9d77937
2024-07-08 17:21:37.174  INFO 13800 --- [pool-1-thread-6] c.d.c.service.EmailNotificationService   : Sending notification to owner of b0cfa62d-347a-4036-8473-165fd9d77937: Amount of 4 has to sent to Account number ab40bf51-7385-45aa-badb-e80fda293cc0
2024-07-08 17:21:37.174  INFO 13800 --- [pool-1-thread-6] c.d.c.service.EmailNotificationService   : Sending notification to owner of ab40bf51-7385-45aa-badb-e80fda293cc0: Amount of 4 has been received from Account number b0cfa62d-347a-4036-8473-165fd9d77937
2024-07-08 17:21:37.174  INFO 13800 --- [pool-1-thread-6] c.d.c.service.EmailNotificationService   : Sending notification to owner of b0cfa62d-347a-4036-8473-165fd9d77937: Amount of 6 has to sent to Account number ab40bf51-7385-45aa-badb-e80fda293cc0
2024-07-08 17:21:37.174  INFO 13800 --- [pool-1-thread-5] c.d.c.service.EmailNotificationService   : Sending notification to owner of b0cfa62d-347a-4036-8473-165fd9d77937: Amount of 7 has to sent to Account number ab40bf51-7385-45aa-badb-e80fda293cc0
2024-07-08 17:21:37.174  INFO 13800 --- [pool-1-thread-6] c.d.c.service.EmailNotificationService   : Sending notification to owner of ab40bf51-7385-45aa-badb-e80fda293cc0: Amount of 6 has been received from Account number b0cfa62d-347a-4036-8473-165fd9d77937
2024-07-08 17:21:37.174  INFO 13800 --- [pool-1-thread-5] c.d.c.service.EmailNotificationService   : Sending notification to owner of ab40bf51-7385-45aa-badb-e80fda293cc0: Amount of 7 has been received from Account number b0cfa62d-347a-4036-8473-165fd9d77937
2024-07-08 17:21:37.174  INFO 13800 --- [pool-1-thread-6] c.d.c.service.EmailNotificationService   : Sending notification to owner of b0cfa62d-347a-4036-8473-165fd9d77937: Amount of 10 has to sent to Account number ab40bf51-7385-45aa-badb-e80fda293cc0
2024-07-08 17:21:37.174  INFO 13800 --- [pool-1-thread-5] c.d.c.service.EmailNotificationService   : Sending notification to owner of b0cfa62d-347a-4036-8473-165fd9d77937: Amount of 7 has to sent to Account number ab40bf51-7385-45aa-badb-e80fda293cc0
2024-07-08 17:21:37.174  INFO 13800 --- [pool-1-thread-5] c.d.c.service.EmailNotificationService   : Sending notification to owner of ab40bf51-7385-45aa-badb-e80fda293cc0: Amount of 7 has been received from Account number b0cfa62d-347a-4036-8473-165fd9d77937
2024-07-08 17:21:37.174  INFO 13800 --- [pool-1-thread-5] c.d.c.service.EmailNotificationService   : Sending notification to owner of b0cfa62d-347a-4036-8473-165fd9d77937: Amount of 1 has to sent to Account number ab40bf51-7385-45aa-badb-e80fda293cc0
2024-07-08 17:21:37.174  INFO 13800 --- [pool-1-thread-5] c.d.c.service.EmailNotificationService   : Sending notification to owner of ab40bf51-7385-45aa-badb-e80fda293cc0: Amount of 1 has been received from Account number b0cfa62d-347a-4036-8473-165fd9d77937
2024-07-08 17:21:37.174  INFO 13800 --- [pool-1-thread-5] c.d.c.service.EmailNotificationService   : Sending notification to owner of b0cfa62d-347a-4036-8473-165fd9d77937: Amount of 1 has to sent to Account number ab40bf51-7385-45aa-badb-e80fda293cc0
2024-07-08 17:21:37.174  INFO 13800 --- [pool-1-thread-5] c.d.c.service.EmailNotificationService   : Sending notification to owner of ab40bf51-7385-45aa-badb-e80fda293cc0: Amount of 1 has been received from Account number b0cfa62d-347a-4036-8473-165fd9d77937
2024-07-08 17:21:37.174  INFO 13800 --- [pool-1-thread-5] c.d.c.service.EmailNotificationService   : Sending notification to owner of b0cfa62d-347a-4036-8473-165fd9d77937: Amount of 3 has to sent to Account number ab40bf51-7385-45aa-badb-e80fda293cc0
2024-07-08 17:21:37.160  INFO 13800 --- [pool-1-thread-9] c.d.c.service.EmailNotificationService   : Sending notification to owner of ab40bf51-7385-45aa-badb-e80fda293cc0: Amount of 6 has been received from Account number b0cfa62d-347a-4036-8473-165fd9d77937
2024-07-08 17:21:37.174  INFO 13800 --- [pool-1-thread-5] c.d.c.service.EmailNotificationService   : Sending notification to owner of ab40bf51-7385-45aa-badb-e80fda293cc0: Amount of 3 has been received from Account number b0cfa62d-347a-4036-8473-165fd9d77937
2024-07-08 17:21:37.174  INFO 13800 --- [pool-1-thread-9] c.d.c.service.EmailNotificationService   : Sending notification to owner of b0cfa62d-347a-4036-8473-165fd9d77937: Amount of 10 has to sent to Account number ab40bf51-7385-45aa-badb-e80fda293cc0
2024-07-08 17:21:37.174  INFO 13800 --- [pool-1-thread-9] c.d.c.service.EmailNotificationService   : Sending notification to owner of ab40bf51-7385-45aa-badb-e80fda293cc0: Amount of 10 has been received from Account number b0cfa62d-347a-4036-8473-165fd9d77937
2024-07-08 17:21:37.160  INFO 13800 --- [ool-1-thread-10] c.d.c.service.EmailNotificationService   : Sending notification to owner of ab40bf51-7385-45aa-badb-e80fda293cc0: Amount of 1 has been received from Account number b0cfa62d-347a-4036-8473-165fd9d77937
2024-07-08 17:21:37.174  INFO 13800 --- [pool-1-thread-9] c.d.c.service.EmailNotificationService   : Sending notification to owner of b0cfa62d-347a-4036-8473-165fd9d77937: Amount of 2 has to sent to Account number ab40bf51-7385-45aa-badb-e80fda293cc0
2024-07-08 17:21:37.174  INFO 13800 --- [ool-1-thread-10] c.d.c.service.EmailNotificationService   : Sending notification to owner of b0cfa62d-347a-4036-8473-165fd9d77937: Amount of 8 has to sent to Account number ab40bf51-7385-45aa-badb-e80fda293cc0
2024-07-08 17:21:37.174  INFO 13800 --- [ool-1-thread-10] c.d.c.service.EmailNotificationService   : Sending notification to owner of ab40bf51-7385-45aa-badb-e80fda293cc0: Amount of 8 has been received from Account number b0cfa62d-347a-4036-8473-165fd9d77937
2024-07-08 17:21:37.174  INFO 13800 --- [ool-1-thread-10] c.d.c.service.EmailNotificationService   : Sending notification to owner of b0cfa62d-347a-4036-8473-165fd9d77937: Amount of 6 has to sent to Account number ab40bf51-7385-45aa-badb-e80fda293cc0
2024-07-08 17:21:37.174  INFO 13800 --- [ool-1-thread-10] c.d.c.service.EmailNotificationService   : Sending notification to owner of ab40bf51-7385-45aa-badb-e80fda293cc0: Amount of 6 has been received from Account number b0cfa62d-347a-4036-8473-165fd9d77937
2024-07-08 17:21:37.174  INFO 13800 --- [ool-1-thread-10] c.d.c.service.EmailNotificationService   : Sending notification to owner of b0cfa62d-347a-4036-8473-165fd9d77937: Amount of 7 has to sent to Account number ab40bf51-7385-45aa-badb-e80fda293cc0
2024-07-08 17:21:37.174  INFO 13800 --- [ool-1-thread-10] c.d.c.service.EmailNotificationService   : Sending notification to owner of ab40bf51-7385-45aa-badb-e80fda293cc0: Amount of 7 has been received from Account number b0cfa62d-347a-4036-8473-165fd9d77937
2024-07-08 17:21:37.174  INFO 13800 --- [ool-1-thread-10] c.d.c.service.EmailNotificationService   : Sending notification to owner of b0cfa62d-347a-4036-8473-165fd9d77937: Amount of 4 has to sent to Account number ab40bf51-7385-45aa-badb-e80fda293cc0
2024-07-08 17:21:37.174  INFO 13800 --- [ool-1-thread-10] c.d.c.service.EmailNotificationService   : Sending notification to owner of ab40bf51-7385-45aa-badb-e80fda293cc0: Amount of 4 has been received from Account number b0cfa62d-347a-4036-8473-165fd9d77937
2024-07-08 17:21:37.174  INFO 13800 --- [ool-1-thread-10] c.d.c.service.EmailNotificationService   : Sending notification to owner of b0cfa62d-347a-4036-8473-165fd9d77937: Amount of 1 has to sent to Account number ab40bf51-7385-45aa-badb-e80fda293cc0
2024-07-08 17:21:37.174  INFO 13800 --- [ool-1-thread-10] c.d.c.service.EmailNotificationService   : Sending notification to owner of ab40bf51-7385-45aa-badb-e80fda293cc0: Amount of 1 has been received from Account number b0cfa62d-347a-4036-8473-165fd9d77937
2024-07-08 17:21:37.160  INFO 13800 --- [pool-1-thread-4] c.d.c.service.EmailNotificationService   : Sending notification to owner of b0cfa62d-347a-4036-8473-165fd9d77937: Amount of 2 has to sent to Account number ab40bf51-7385-45aa-badb-e80fda293cc0
2024-07-08 17:21:37.174  INFO 13800 --- [pool-1-thread-4] c.d.c.service.EmailNotificationService   : Sending notification to owner of ab40bf51-7385-45aa-badb-e80fda293cc0: Amount of 2 has been received from Account number b0cfa62d-347a-4036-8473-165fd9d77937
2024-07-08 17:21:37.174  INFO 13800 --- [pool-1-thread-4] c.d.c.service.EmailNotificationService   : Sending notification to owner of b0cfa62d-347a-4036-8473-165fd9d77937: Amount of 8 has to sent to Account number ab40bf51-7385-45aa-badb-e80fda293cc0
2024-07-08 17:21:37.174  INFO 13800 --- [pool-1-thread-4] c.d.c.service.EmailNotificationService   : Sending notification to owner of ab40bf51-7385-45aa-badb-e80fda293cc0: Amount of 8 has been received from Account number b0cfa62d-347a-4036-8473-165fd9d77937
2024-07-08 17:21:37.174  INFO 13800 --- [pool-1-thread-4] c.d.c.service.EmailNotificationService   : Sending notification to owner of b0cfa62d-347a-4036-8473-165fd9d77937: Amount of 8 has to sent to Account number ab40bf51-7385-45aa-badb-e80fda293cc0
2024-07-08 17:21:37.174  INFO 13800 --- [pool-1-thread-4] c.d.c.service.EmailNotificationService   : Sending notification to owner of ab40bf51-7385-45aa-badb-e80fda293cc0: Amount of 8 has been received from Account number b0cfa62d-347a-4036-8473-165fd9d77937
2024-07-08 17:21:37.174  INFO 13800 --- [pool-1-thread-4] c.d.c.service.EmailNotificationService   : Sending notification to owner of b0cfa62d-347a-4036-8473-165fd9d77937: Amount of 2 has to sent to Account number ab40bf51-7385-45aa-badb-e80fda293cc0
2024-07-08 17:21:37.174  INFO 13800 --- [pool-1-thread-4] c.d.c.service.EmailNotificationService   : Sending notification to owner of ab40bf51-7385-45aa-badb-e80fda293cc0: Amount of 2 has been received from Account number b0cfa62d-347a-4036-8473-165fd9d77937
2024-07-08 17:21:37.174  INFO 13800 --- [pool-1-thread-4] c.d.c.service.EmailNotificationService   : Sending notification to owner of b0cfa62d-347a-4036-8473-165fd9d77937: Amount of 8 has to sent to Account number ab40bf51-7385-45aa-badb-e80fda293cc0
2024-07-08 17:21:37.174  INFO 13800 --- [pool-1-thread-4] c.d.c.service.EmailNotificationService   : Sending notification to owner of ab40bf51-7385-45aa-badb-e80fda293cc0: Amount of 8 has been received from Account number b0cfa62d-347a-4036-8473-165fd9d77937
2024-07-08 17:21:37.174  INFO 13800 --- [pool-1-thread-4] c.d.c.service.EmailNotificationService   : Sending notification to owner of b0cfa62d-347a-4036-8473-165fd9d77937: Amount of 1 has to sent to Account number ab40bf51-7385-45aa-badb-e80fda293cc0
2024-07-08 17:21:37.160  INFO 13800 --- [pool-1-thread-3] c.d.c.service.EmailNotificationService   : Sending notification to owner of b0cfa62d-347a-4036-8473-165fd9d77937: Amount of 6 has to sent to Account number ab40bf51-7385-45aa-badb-e80fda293cc0
2024-07-08 17:21:37.174  INFO 13800 --- [pool-1-thread-4] c.d.c.service.EmailNotificationService   : Sending notification to owner of ab40bf51-7385-45aa-badb-e80fda293cc0: Amount of 1 has been received from Account number b0cfa62d-347a-4036-8473-165fd9d77937
2024-07-08 17:21:37.174  INFO 13800 --- [pool-1-thread-7] c.d.c.service.EmailNotificationService   : Sending notification to owner of ab40bf51-7385-45aa-badb-e80fda293cc0: Amount of 1 has been received from Account number b0cfa62d-347a-4036-8473-165fd9d77937
2024-07-08 17:21:37.174  INFO 13800 --- [pool-1-thread-4] c.d.c.service.EmailNotificationService   : Sending notification to owner of b0cfa62d-347a-4036-8473-165fd9d77937: Amount of 4 has to sent to Account number ab40bf51-7385-45aa-badb-e80fda293cc0
2024-07-08 17:21:37.174  INFO 13800 --- [pool-1-thread-7] c.d.c.service.EmailNotificationService   : Sending notification to owner of b0cfa62d-347a-4036-8473-165fd9d77937: Amount of 3 has to sent to Account number ab40bf51-7385-45aa-badb-e80fda293cc0
2024-07-08 17:21:37.174  INFO 13800 --- [pool-1-thread-2] c.d.c.service.EmailNotificationService   : Sending notification to owner of b0cfa62d-347a-4036-8473-165fd9d77937: Amount of 8 has to sent to Account number ab40bf51-7385-45aa-badb-e80fda293cc0
2024-07-08 17:21:37.174  INFO 13800 --- [pool-1-thread-7] c.d.c.service.EmailNotificationService   : Sending notification to owner of ab40bf51-7385-45aa-badb-e80fda293cc0: Amount of 3 has been received from Account number b0cfa62d-347a-4036-8473-165fd9d77937
2024-07-08 17:21:37.174  INFO 13800 --- [pool-1-thread-2] c.d.c.service.EmailNotificationService   : Sending notification to owner of ab40bf51-7385-45aa-badb-e80fda293cc0: Amount of 8 has been received from Account number b0cfa62d-347a-4036-8473-165fd9d77937
2024-07-08 17:21:37.174  INFO 13800 --- [pool-1-thread-7] c.d.c.service.EmailNotificationService   : Sending notification to owner of b0cfa62d-347a-4036-8473-165fd9d77937: Amount of 7 has to sent to Account number ab40bf51-7385-45aa-badb-e80fda293cc0
2024-07-08 17:21:37.174  INFO 13800 --- [pool-1-thread-2] c.d.c.service.EmailNotificationService   : Sending notification to owner of b0cfa62d-347a-4036-8473-165fd9d77937: Amount of 2 has to sent to Account number ab40bf51-7385-45aa-badb-e80fda293cc0
2024-07-08 17:21:37.174  INFO 13800 --- [pool-1-thread-7] c.d.c.service.EmailNotificationService   : Sending notification to owner of ab40bf51-7385-45aa-badb-e80fda293cc0: Amount of 7 has been received from Account number b0cfa62d-347a-4036-8473-165fd9d77937
2024-07-08 17:21:37.174  INFO 13800 --- [pool-1-thread-2] c.d.c.service.EmailNotificationService   : Sending notification to owner of ab40bf51-7385-45aa-badb-e80fda293cc0: Amount of 2 has been received from Account number b0cfa62d-347a-4036-8473-165fd9d77937
2024-07-08 17:21:37.174  INFO 13800 --- [pool-1-thread-7] c.d.c.service.EmailNotificationService   : Sending notification to owner of b0cfa62d-347a-4036-8473-165fd9d77937: Amount of 2 has to sent to Account number ab40bf51-7385-45aa-badb-e80fda293cc0
2024-07-08 17:21:37.174  INFO 13800 --- [pool-1-thread-7] c.d.c.service.EmailNotificationService   : Sending notification to owner of ab40bf51-7385-45aa-badb-e80fda293cc0: Amount of 2 has been received from Account number b0cfa62d-347a-4036-8473-165fd9d77937
2024-07-08 17:21:37.174  INFO 13800 --- [pool-1-thread-7] c.d.c.service.EmailNotificationService   : Sending notification to owner of b0cfa62d-347a-4036-8473-165fd9d77937: Amount of 1 has to sent to Account number ab40bf51-7385-45aa-badb-e80fda293cc0
2024-07-08 17:21:37.174  INFO 13800 --- [pool-1-thread-7] c.d.c.service.EmailNotificationService   : Sending notification to owner of ab40bf51-7385-45aa-badb-e80fda293cc0: Amount of 1 has been received from Account number b0cfa62d-347a-4036-8473-165fd9d77937
2024-07-08 17:21:37.190  INFO 13800 --- [pool-1-thread-7] c.d.c.service.EmailNotificationService   : Sending notification to owner of b0cfa62d-347a-4036-8473-165fd9d77937: Amount of 4 has to sent to Account number ab40bf51-7385-45aa-badb-e80fda293cc0
2024-07-08 17:21:37.190  INFO 13800 --- [pool-1-thread-7] c.d.c.service.EmailNotificationService   : Sending notification to owner of ab40bf51-7385-45aa-badb-e80fda293cc0: Amount of 4 has been received from Account number b0cfa62d-347a-4036-8473-165fd9d77937
2024-07-08 17:21:37.190  INFO 13800 --- [pool-1-thread-7] c.d.c.service.EmailNotificationService   : Sending notification to owner of b0cfa62d-347a-4036-8473-165fd9d77937: Amount of 8 has to sent to Account number ab40bf51-7385-45aa-badb-e80fda293cc0
2024-07-08 17:21:37.190  INFO 13800 --- [pool-1-thread-7] c.d.c.service.EmailNotificationService   : Sending notification to owner of ab40bf51-7385-45aa-badb-e80fda293cc0: Amount of 8 has been received from Account number b0cfa62d-347a-4036-8473-165fd9d77937
2024-07-08 17:21:37.190  INFO 13800 --- [pool-1-thread-7] c.d.c.service.EmailNotificationService   : Sending notification to owner of b0cfa62d-347a-4036-8473-165fd9d77937: Amount of 4 has to sent to Account number ab40bf51-7385-45aa-badb-e80fda293cc0
2024-07-08 17:21:37.190  INFO 13800 --- [pool-1-thread-7] c.d.c.service.EmailNotificationService   : Sending notification to owner of ab40bf51-7385-45aa-badb-e80fda293cc0: Amount of 4 has been received from Account number b0cfa62d-347a-4036-8473-165fd9d77937
2024-07-08 17:21:37.174  INFO 13800 --- [pool-1-thread-1] c.d.c.service.EmailNotificationService   : Sending notification to owner of b0cfa62d-347a-4036-8473-165fd9d77937: Amount of 1 has to sent to Account number ab40bf51-7385-45aa-badb-e80fda293cc0
2024-07-08 17:21:37.190  INFO 13800 --- [pool-1-thread-7] c.d.c.service.EmailNotificationService   : Sending notification to owner of b0cfa62d-347a-4036-8473-165fd9d77937: Amount of 2 has to sent to Account number ab40bf51-7385-45aa-badb-e80fda293cc0
2024-07-08 17:21:37.190  INFO 13800 --- [pool-1-thread-1] c.d.c.service.EmailNotificationService   : Sending notification to owner of ab40bf51-7385-45aa-badb-e80fda293cc0: Amount of 1 has been received from Account number b0cfa62d-347a-4036-8473-165fd9d77937
2024-07-08 17:21:37.190  INFO 13800 --- [pool-1-thread-1] c.d.c.service.EmailNotificationService   : Sending notification to owner of b0cfa62d-347a-4036-8473-165fd9d77937: Amount of 9 has to sent to Account number ab40bf51-7385-45aa-badb-e80fda293cc0
2024-07-08 17:21:37.174  INFO 13800 --- [pool-1-thread-8] c.d.c.service.EmailNotificationService   : Sending notification to owner of b0cfa62d-347a-4036-8473-165fd9d77937: Amount of 7 has to sent to Account number ab40bf51-7385-45aa-badb-e80fda293cc0
2024-07-08 17:21:37.174  INFO 13800 --- [pool-1-thread-6] c.d.c.service.EmailNotificationService   : Sending notification to owner of ab40bf51-7385-45aa-badb-e80fda293cc0: Amount of 10 has been received from Account number b0cfa62d-347a-4036-8473-165fd9d77937
2024-07-08 17:21:37.174  INFO 13800 --- [pool-1-thread-5] c.d.c.service.EmailNotificationService   : Sending notification to owner of b0cfa62d-347a-4036-8473-165fd9d77937: Amount of 5 has to sent to Account number ab40bf51-7385-45aa-badb-e80fda293cc0
2024-07-08 17:21:37.190  INFO 13800 --- [pool-1-thread-6] c.d.c.service.EmailNotificationService   : Sending notification to owner of b0cfa62d-347a-4036-8473-165fd9d77937: Amount of 4 has to sent to Account number ab40bf51-7385-45aa-badb-e80fda293cc0
2024-07-08 17:21:37.174  INFO 13800 --- [pool-1-thread-9] c.d.c.service.EmailNotificationService   : Sending notification to owner of ab40bf51-7385-45aa-badb-e80fda293cc0: Amount of 2 has been received from Account number b0cfa62d-347a-4036-8473-165fd9d77937
2024-07-08 17:21:37.174  INFO 13800 --- [ool-1-thread-10] c.d.c.service.EmailNotificationService   : Sending notification to owner of b0cfa62d-347a-4036-8473-165fd9d77937: Amount of 3 has to sent to Account number ab40bf51-7385-45aa-badb-e80fda293cc0
2024-07-08 17:21:37.190  INFO 13800 --- [pool-1-thread-9] c.d.c.service.EmailNotificationService   : Sending notification to owner of b0cfa62d-347a-4036-8473-165fd9d77937: Amount of 9 has to sent to Account number ab40bf51-7385-45aa-badb-e80fda293cc0
2024-07-08 17:21:37.190  INFO 13800 --- [ool-1-thread-10] c.d.c.service.EmailNotificationService   : Sending notification to owner of ab40bf51-7385-45aa-badb-e80fda293cc0: Amount of 3 has been received from Account number b0cfa62d-347a-4036-8473-165fd9d77937
2024-07-08 17:21:37.190  INFO 13800 --- [pool-1-thread-9] c.d.c.service.EmailNotificationService   : Sending notification to owner of ab40bf51-7385-45aa-badb-e80fda293cc0: Amount of 9 has been received from Account number b0cfa62d-347a-4036-8473-165fd9d77937
2024-07-08 17:21:37.197  INFO 13800 --- [ool-1-thread-10] c.d.c.service.EmailNotificationService   : Sending notification to owner of b0cfa62d-347a-4036-8473-165fd9d77937: Amount of 2 has to sent to Account number ab40bf51-7385-45aa-badb-e80fda293cc0
2024-07-08 17:21:37.197  INFO 13800 --- [pool-1-thread-9] c.d.c.service.EmailNotificationService   : Sending notification to owner of b0cfa62d-347a-4036-8473-165fd9d77937: Amount of 5 has to sent to Account number ab40bf51-7385-45aa-badb-e80fda293cc0
2024-07-08 17:21:37.197  INFO 13800 --- [pool-1-thread-9] c.d.c.service.EmailNotificationService   : Sending notification to owner of ab40bf51-7385-45aa-badb-e80fda293cc0: Amount of 5 has been received from Account number b0cfa62d-347a-4036-8473-165fd9d77937
2024-07-08 17:21:37.174  INFO 13800 --- [pool-1-thread-3] c.d.c.service.EmailNotificationService   : Sending notification to owner of ab40bf51-7385-45aa-badb-e80fda293cc0: Amount of 6 has been received from Account number b0cfa62d-347a-4036-8473-165fd9d77937
2024-07-08 17:21:37.197  INFO 13800 --- [pool-1-thread-3] c.d.c.service.EmailNotificationService   : Sending notification to owner of b0cfa62d-347a-4036-8473-165fd9d77937: Amount of 6 has to sent to Account number ab40bf51-7385-45aa-badb-e80fda293cc0
2024-07-08 17:21:37.197  INFO 13800 --- [pool-1-thread-3] c.d.c.service.EmailNotificationService   : Sending notification to owner of ab40bf51-7385-45aa-badb-e80fda293cc0: Amount of 6 has been received from Account number b0cfa62d-347a-4036-8473-165fd9d77937
2024-07-08 17:21:37.197  INFO 13800 --- [pool-1-thread-3] c.d.c.service.EmailNotificationService   : Sending notification to owner of b0cfa62d-347a-4036-8473-165fd9d77937: Amount of 5 has to sent to Account number ab40bf51-7385-45aa-badb-e80fda293cc0
2024-07-08 17:21:37.197  INFO 13800 --- [pool-1-thread-3] c.d.c.service.EmailNotificationService   : Sending notification to owner of ab40bf51-7385-45aa-badb-e80fda293cc0: Amount of 5 has been received from Account number b0cfa62d-347a-4036-8473-165fd9d77937
2024-07-08 17:21:37.197  INFO 13800 --- [pool-1-thread-3] c.d.c.service.EmailNotificationService   : Sending notification to owner of b0cfa62d-347a-4036-8473-165fd9d77937: Amount of 10 has to sent to Account number ab40bf51-7385-45aa-badb-e80fda293cc0
2024-07-08 17:21:37.197  INFO 13800 --- [pool-1-thread-3] c.d.c.service.EmailNotificationService   : Sending notification to owner of ab40bf51-7385-45aa-badb-e80fda293cc0: Amount of 10 has been received from Account number b0cfa62d-347a-4036-8473-165fd9d77937
2024-07-08 17:21:37.174  INFO 13800 --- [pool-1-thread-4] c.d.c.service.EmailNotificationService   : Sending notification to owner of ab40bf51-7385-45aa-badb-e80fda293cc0: Amount of 4 has been received from Account number b0cfa62d-347a-4036-8473-165fd9d77937
2024-07-08 17:21:37.197  INFO 13800 --- [pool-1-thread-3] c.d.c.service.EmailNotificationService   : Sending notification to owner of b0cfa62d-347a-4036-8473-165fd9d77937: Amount of 7 has to sent to Account number ab40bf51-7385-45aa-badb-e80fda293cc0
2024-07-08 17:21:37.197  INFO 13800 --- [pool-1-thread-3] c.d.c.service.EmailNotificationService   : Sending notification to owner of ab40bf51-7385-45aa-badb-e80fda293cc0: Amount of 7 has been received from Account number b0cfa62d-347a-4036-8473-165fd9d77937
2024-07-08 17:21:37.174  INFO 13800 --- [pool-1-thread-2] c.d.c.service.EmailNotificationService   : Sending notification to owner of b0cfa62d-347a-4036-8473-165fd9d77937: Amount of 1 has to sent to Account number ab40bf51-7385-45aa-badb-e80fda293cc0
2024-07-08 17:21:37.190  INFO 13800 --- [pool-1-thread-7] c.d.c.service.EmailNotificationService   : Sending notification to owner of ab40bf51-7385-45aa-badb-e80fda293cc0: Amount of 2 has been received from Account number b0cfa62d-347a-4036-8473-165fd9d77937
2024-07-08 17:21:37.197  INFO 13800 --- [pool-1-thread-7] c.d.c.service.EmailNotificationService   : Sending notification to owner of b0cfa62d-347a-4036-8473-165fd9d77937: Amount of 6 has to sent to Account number ab40bf51-7385-45aa-badb-e80fda293cc0
2024-07-08 17:21:37.190  INFO 13800 --- [pool-1-thread-1] c.d.c.service.EmailNotificationService   : Sending notification to owner of ab40bf51-7385-45aa-badb-e80fda293cc0: Amount of 9 has been received from Account number b0cfa62d-347a-4036-8473-165fd9d77937
2024-07-08 17:21:37.197  INFO 13800 --- [pool-1-thread-1] c.d.c.service.EmailNotificationService   : Sending notification to owner of b0cfa62d-347a-4036-8473-165fd9d77937: Amount of 2 has to sent to Account number ab40bf51-7385-45aa-badb-e80fda293cc0
2024-07-08 17:21:37.190  INFO 13800 --- [pool-1-thread-8] c.d.c.service.EmailNotificationService   : Sending notification to owner of ab40bf51-7385-45aa-badb-e80fda293cc0: Amount of 7 has been received from Account number b0cfa62d-347a-4036-8473-165fd9d77937
2024-07-08 17:21:37.190  INFO 13800 --- [pool-1-thread-5] c.d.c.service.EmailNotificationService   : Sending notification to owner of ab40bf51-7385-45aa-badb-e80fda293cc0: Amount of 5 has been received from Account number b0cfa62d-347a-4036-8473-165fd9d77937
2024-07-08 17:21:37.197  INFO 13800 --- [pool-1-thread-5] c.d.c.service.EmailNotificationService   : Sending notification to owner of b0cfa62d-347a-4036-8473-165fd9d77937: Amount of 6 has to sent to Account number ab40bf51-7385-45aa-badb-e80fda293cc0
2024-07-08 17:21:37.190  INFO 13800 --- [pool-1-thread-6] c.d.c.service.EmailNotificationService   : Sending notification to owner of ab40bf51-7385-45aa-badb-e80fda293cc0: Amount of 4 has been received from Account number b0cfa62d-347a-4036-8473-165fd9d77937
2024-07-08 17:21:37.197  INFO 13800 --- [ool-1-thread-10] c.d.c.service.EmailNotificationService   : Sending notification to owner of ab40bf51-7385-45aa-badb-e80fda293cc0: Amount of 2 has been received from Account number b0cfa62d-347a-4036-8473-165fd9d77937
2024-07-08 17:21:37.197  INFO 13800 --- [pool-1-thread-6] c.d.c.service.EmailNotificationService   : Sending notification to owner of b0cfa62d-347a-4036-8473-165fd9d77937: Amount of 10 has to sent to Account number ab40bf51-7385-45aa-badb-e80fda293cc0
2024-07-08 17:21:37.197  INFO 13800 --- [pool-1-thread-6] c.d.c.service.EmailNotificationService   : Sending notification to owner of ab40bf51-7385-45aa-badb-e80fda293cc0: Amount of 10 has been received from Account number b0cfa62d-347a-4036-8473-165fd9d77937
2024-07-08 17:21:37.197  INFO 13800 --- [pool-1-thread-6] c.d.c.service.EmailNotificationService   : Sending notification to owner of b0cfa62d-347a-4036-8473-165fd9d77937: Amount of 3 has to sent to Account number ab40bf51-7385-45aa-badb-e80fda293cc0
2024-07-08 17:21:37.197  INFO 13800 --- [pool-1-thread-6] c.d.c.service.EmailNotificationService   : Sending notification to owner of ab40bf51-7385-45aa-badb-e80fda293cc0: Amount of 3 has been received from Account number b0cfa62d-347a-4036-8473-165fd9d77937
2024-07-08 17:21:37.197  INFO 13800 --- [pool-1-thread-6] c.d.c.service.EmailNotificationService   : Sending notification to owner of b0cfa62d-347a-4036-8473-165fd9d77937: Amount of 9 has to sent to Account number ab40bf51-7385-45aa-badb-e80fda293cc0
2024-07-08 17:21:37.197  INFO 13800 --- [pool-1-thread-6] c.d.c.service.EmailNotificationService   : Sending notification to owner of ab40bf51-7385-45aa-badb-e80fda293cc0: Amount of 9 has been received from Account number b0cfa62d-347a-4036-8473-165fd9d77937
2024-07-08 17:21:37.197  INFO 13800 --- [pool-1-thread-6] c.d.c.service.EmailNotificationService   : Sending notification to owner of b0cfa62d-347a-4036-8473-165fd9d77937: Amount of 9 has to sent to Account number ab40bf51-7385-45aa-badb-e80fda293cc0
2024-07-08 17:21:37.197  INFO 13800 --- [pool-1-thread-6] c.d.c.service.EmailNotificationService   : Sending notification to owner of ab40bf51-7385-45aa-badb-e80fda293cc0: Amount of 9 has been received from Account number b0cfa62d-347a-4036-8473-165fd9d77937
2024-07-08 17:21:37.197  INFO 13800 --- [pool-1-thread-6] c.d.c.service.EmailNotificationService   : Sending notification to owner of b0cfa62d-347a-4036-8473-165fd9d77937: Amount of 8 has to sent to Account number ab40bf51-7385-45aa-badb-e80fda293cc0
2024-07-08 17:21:37.197  INFO 13800 --- [pool-1-thread-6] c.d.c.service.EmailNotificationService   : Sending notification to owner of ab40bf51-7385-45aa-badb-e80fda293cc0: Amount of 8 has been received from Account number b0cfa62d-347a-4036-8473-165fd9d77937
2024-07-08 17:21:37.197  INFO 13800 --- [pool-1-thread-6] c.d.c.service.EmailNotificationService   : Sending notification to owner of b0cfa62d-347a-4036-8473-165fd9d77937: Amount of 9 has to sent to Account number ab40bf51-7385-45aa-badb-e80fda293cc0
2024-07-08 17:21:37.197  INFO 13800 --- [pool-1-thread-6] c.d.c.service.EmailNotificationService   : Sending notification to owner of ab40bf51-7385-45aa-badb-e80fda293cc0: Amount of 9 has been received from Account number b0cfa62d-347a-4036-8473-165fd9d77937
2024-07-08 17:21:37.197  INFO 13800 --- [pool-1-thread-6] c.d.c.service.EmailNotificationService   : Sending notification to owner of b0cfa62d-347a-4036-8473-165fd9d77937: Amount of 3 has to sent to Account number ab40bf51-7385-45aa-badb-e80fda293cc0
2024-07-08 17:21:37.197  INFO 13800 --- [pool-1-thread-6] c.d.c.service.EmailNotificationService   : Sending notification to owner of ab40bf51-7385-45aa-badb-e80fda293cc0: Amount of 3 has been received from Account number b0cfa62d-347a-4036-8473-165fd9d77937
2024-07-08 17:21:37.197  INFO 13800 --- [pool-1-thread-6] c.d.c.service.EmailNotificationService   : Sending notification to owner of b0cfa62d-347a-4036-8473-165fd9d77937: Amount of 8 has to sent to Account number ab40bf51-7385-45aa-badb-e80fda293cc0
2024-07-08 17:21:37.197  INFO 13800 --- [pool-1-thread-6] c.d.c.service.EmailNotificationService   : Sending notification to owner of ab40bf51-7385-45aa-badb-e80fda293cc0: Amount of 8 has been received from Account number b0cfa62d-347a-4036-8473-165fd9d77937
2024-07-08 17:21:37.197  INFO 13800 --- [pool-1-thread-9] c.d.c.service.EmailNotificationService   : Sending notification to owner of b0cfa62d-347a-4036-8473-165fd9d77937: Amount of 3 has to sent to Account number ab40bf51-7385-45aa-badb-e80fda293cc0
2024-07-08 17:21:37.197  INFO 13800 --- [pool-1-thread-9] c.d.c.service.EmailNotificationService   : Sending notification to owner of ab40bf51-7385-45aa-badb-e80fda293cc0: Amount of 3 has been received from Account number b0cfa62d-347a-4036-8473-165fd9d77937
2024-07-08 17:21:37.197  INFO 13800 --- [pool-1-thread-6] c.d.c.service.EmailNotificationService   : Sending notification to owner of b0cfa62d-347a-4036-8473-165fd9d77937: Amount of 10 has to sent to Account number ab40bf51-7385-45aa-badb-e80fda293cc0
2024-07-08 17:21:37.197  INFO 13800 --- [pool-1-thread-4] c.d.c.service.EmailNotificationService   : Sending notification to owner of b0cfa62d-347a-4036-8473-165fd9d77937: Amount of 3 has to sent to Account number ab40bf51-7385-45aa-badb-e80fda293cc0
2024-07-08 17:21:37.197  INFO 13800 --- [pool-1-thread-6] c.d.c.service.EmailNotificationService   : Sending notification to owner of ab40bf51-7385-45aa-badb-e80fda293cc0: Amount of 10 has been received from Account number b0cfa62d-347a-4036-8473-165fd9d77937
2024-07-08 17:21:37.197  INFO 13800 --- [pool-1-thread-6] c.d.c.service.EmailNotificationService   : Sending notification to owner of b0cfa62d-347a-4036-8473-165fd9d77937: Amount of 1 has to sent to Account number ab40bf51-7385-45aa-badb-e80fda293cc0
2024-07-08 17:21:37.197  INFO 13800 --- [pool-1-thread-6] c.d.c.service.EmailNotificationService   : Sending notification to owner of ab40bf51-7385-45aa-badb-e80fda293cc0: Amount of 1 has been received from Account number b0cfa62d-347a-4036-8473-165fd9d77937
2024-07-08 17:21:37.197  INFO 13800 --- [pool-1-thread-6] c.d.c.service.EmailNotificationService   : Sending notification to owner of b0cfa62d-347a-4036-8473-165fd9d77937: Amount of 3 has to sent to Account number ab40bf51-7385-45aa-badb-e80fda293cc0
2024-07-08 17:21:37.197  INFO 13800 --- [pool-1-thread-6] c.d.c.service.EmailNotificationService   : Sending notification to owner of ab40bf51-7385-45aa-badb-e80fda293cc0: Amount of 3 has been received from Account number b0cfa62d-347a-4036-8473-165fd9d77937
2024-07-08 17:21:37.197  INFO 13800 --- [pool-1-thread-3] c.d.c.service.EmailNotificationService   : Sending notification to owner of b0cfa62d-347a-4036-8473-165fd9d77937: Amount of 10 has to sent to Account number ab40bf51-7385-45aa-badb-e80fda293cc0
2024-07-08 17:21:37.197  INFO 13800 --- [pool-1-thread-3] c.d.c.service.EmailNotificationService   : Sending notification to owner of ab40bf51-7385-45aa-badb-e80fda293cc0: Amount of 10 has been received from Account number b0cfa62d-347a-4036-8473-165fd9d77937
2024-07-08 17:21:37.197  INFO 13800 --- [pool-1-thread-3] c.d.c.service.EmailNotificationService   : Sending notification to owner of b0cfa62d-347a-4036-8473-165fd9d77937: Amount of 4 has to sent to Account number ab40bf51-7385-45aa-badb-e80fda293cc0
2024-07-08 17:21:37.197  INFO 13800 --- [pool-1-thread-3] c.d.c.service.EmailNotificationService   : Sending notification to owner of ab40bf51-7385-45aa-badb-e80fda293cc0: Amount of 4 has been received from Account number b0cfa62d-347a-4036-8473-165fd9d77937
2024-07-08 17:21:37.197  INFO 13800 --- [pool-1-thread-2] c.d.c.service.EmailNotificationService   : Sending notification to owner of ab40bf51-7385-45aa-badb-e80fda293cc0: Amount of 1 has been received from Account number b0cfa62d-347a-4036-8473-165fd9d77937
2024-07-08 17:21:37.197  INFO 13800 --- [pool-1-thread-2] c.d.c.service.EmailNotificationService   : Sending notification to owner of b0cfa62d-347a-4036-8473-165fd9d77937: Amount of 5 has to sent to Account number ab40bf51-7385-45aa-badb-e80fda293cc0
2024-07-08 17:21:37.197  INFO 13800 --- [pool-1-thread-2] c.d.c.service.EmailNotificationService   : Sending notification to owner of ab40bf51-7385-45aa-badb-e80fda293cc0: Amount of 5 has been received from Account number b0cfa62d-347a-4036-8473-165fd9d77937
2024-07-08 17:21:37.197  INFO 13800 --- [pool-1-thread-2] c.d.c.service.EmailNotificationService   : Sending notification to owner of b0cfa62d-347a-4036-8473-165fd9d77937: Amount of 7 has to sent to Account number ab40bf51-7385-45aa-badb-e80fda293cc0
2024-07-08 17:21:37.197  INFO 13800 --- [pool-1-thread-7] c.d.c.service.EmailNotificationService   : Sending notification to owner of ab40bf51-7385-45aa-badb-e80fda293cc0: Amount of 6 has been received from Account number b0cfa62d-347a-4036-8473-165fd9d77937
2024-07-08 17:21:37.197  INFO 13800 --- [pool-1-thread-1] c.d.c.service.EmailNotificationService   : Sending notification to owner of ab40bf51-7385-45aa-badb-e80fda293cc0: Amount of 2 has been received from Account number b0cfa62d-347a-4036-8473-165fd9d77937
2024-07-08 17:21:37.197  INFO 13800 --- [pool-1-thread-1] c.d.c.service.EmailNotificationService   : Sending notification to owner of b0cfa62d-347a-4036-8473-165fd9d77937: Amount of 8 has to sent to Account number ab40bf51-7385-45aa-badb-e80fda293cc0
2024-07-08 17:21:37.197  INFO 13800 --- [pool-1-thread-1] c.d.c.service.EmailNotificationService   : Sending notification to owner of ab40bf51-7385-45aa-badb-e80fda293cc0: Amount of 8 has been received from Account number b0cfa62d-347a-4036-8473-165fd9d77937
2024-07-08 17:21:37.197  INFO 13800 --- [pool-1-thread-1] c.d.c.service.EmailNotificationService   : Sending notification to owner of b0cfa62d-347a-4036-8473-165fd9d77937: Amount of 4 has to sent to Account number ab40bf51-7385-45aa-badb-e80fda293cc0
2024-07-08 17:21:37.197  INFO 13800 --- [pool-1-thread-1] c.d.c.service.EmailNotificationService   : Sending notification to owner of ab40bf51-7385-45aa-badb-e80fda293cc0: Amount of 4 has been received from Account number b0cfa62d-347a-4036-8473-165fd9d77937
2024-07-08 17:21:37.197  INFO 13800 --- [pool-1-thread-1] c.d.c.service.EmailNotificationService   : Sending notification to owner of b0cfa62d-347a-4036-8473-165fd9d77937: Amount of 9 has to sent to Account number ab40bf51-7385-45aa-badb-e80fda293cc0
2024-07-08 17:21:37.197  INFO 13800 --- [pool-1-thread-8] c.d.c.service.EmailNotificationService   : Sending notification to owner of b0cfa62d-347a-4036-8473-165fd9d77937: Amount of 3 has to sent to Account number ab40bf51-7385-45aa-badb-e80fda293cc0
2024-07-08 17:21:37.210  INFO 13800 --- [pool-1-thread-8] c.d.c.service.EmailNotificationService   : Sending notification to owner of ab40bf51-7385-45aa-badb-e80fda293cc0: Amount of 3 has been received from Account number b0cfa62d-347a-4036-8473-165fd9d77937
2024-07-08 17:21:37.197  INFO 13800 --- [pool-1-thread-5] c.d.c.service.EmailNotificationService   : Sending notification to owner of ab40bf51-7385-45aa-badb-e80fda293cc0: Amount of 6 has been received from Account number b0cfa62d-347a-4036-8473-165fd9d77937
2024-07-08 17:21:37.210  INFO 13800 --- [pool-1-thread-8] c.d.c.service.EmailNotificationService   : Sending notification to owner of b0cfa62d-347a-4036-8473-165fd9d77937: Amount of 8 has to sent to Account number ab40bf51-7385-45aa-badb-e80fda293cc0
2024-07-08 17:21:37.210  INFO 13800 --- [pool-1-thread-8] c.d.c.service.EmailNotificationService   : Sending notification to owner of ab40bf51-7385-45aa-badb-e80fda293cc0: Amount of 8 has been received from Account number b0cfa62d-347a-4036-8473-165fd9d77937
2024-07-08 17:21:37.210  INFO 13800 --- [pool-1-thread-5] c.d.c.service.EmailNotificationService   : Sending notification to owner of b0cfa62d-347a-4036-8473-165fd9d77937: Amount of 7 has to sent to Account number ab40bf51-7385-45aa-badb-e80fda293cc0
2024-07-08 17:21:37.197  INFO 13800 --- [ool-1-thread-10] c.d.c.service.EmailNotificationService   : Sending notification to owner of b0cfa62d-347a-4036-8473-165fd9d77937: Amount of 8 has to sent to Account number ab40bf51-7385-45aa-badb-e80fda293cc0
2024-07-08 17:21:37.210  INFO 13800 --- [ool-1-thread-10] c.d.c.service.EmailNotificationService   : Sending notification to owner of ab40bf51-7385-45aa-badb-e80fda293cc0: Amount of 8 has been received from Account number b0cfa62d-347a-4036-8473-165fd9d77937
2024-07-08 17:21:37.210  INFO 13800 --- [ool-1-thread-10] c.d.c.service.EmailNotificationService   : Sending notification to owner of b0cfa62d-347a-4036-8473-165fd9d77937: Amount of 2 has to sent to Account number ab40bf51-7385-45aa-badb-e80fda293cc0
[...]
2024-07-08 17:21:37.351  INFO 13800 --- [pool-1-thread-6] c.d.c.service.EmailNotificationService   : Sending notification to owner of ab40bf51-7385-45aa-badb-e80fda293cc0: Amount of 4 has been received from Account number b0cfa62d-347a-4036-8473-165fd9d77937
2024-07-08 17:21:37.351  INFO 13800 --- [pool-1-thread-6] c.d.c.service.EmailNotificationService   : Sending notification to owner of b0cfa62d-347a-4036-8473-165fd9d77937: Amount of 8 has to sent to Account number ab40bf51-7385-45aa-badb-e80fda293cc0
2024-07-08 17:21:37.351  INFO 13800 --- [pool-1-thread-6] c.d.c.service.EmailNotificationService   : Sending notification to owner of ab40bf51-7385-45aa-badb-e80fda293cc0: Amount of 8 has been received from Account number b0cfa62d-347a-4036-8473-165fd9d77937
2024-07-08 17:21:37.351  INFO 13800 --- [pool-1-thread-6] c.d.c.service.EmailNotificationService   : Sending notification to owner of b0cfa62d-347a-4036-8473-165fd9d77937: Amount of 3 has to sent to Account number ab40bf51-7385-45aa-badb-e80fda293cc0
2024-07-08 17:21:37.351  INFO 13800 --- [pool-1-thread-6] c.d.c.service.EmailNotificationService   : Sending notification to owner of ab40bf51-7385-45aa-badb-e80fda293cc0: Amount of 3 has been received from Account number b0cfa62d-347a-4036-8473-165fd9d77937
2024-07-08 17:21:37.351  INFO 13800 --- [pool-1-thread-6] c.d.c.service.EmailNotificationService   : Sending notification to owner of b0cfa62d-347a-4036-8473-165fd9d77937: Amount of 10 has to sent to Account number ab40bf51-7385-45aa-badb-e80fda293cc0
2024-07-08 17:21:37.351  INFO 13800 --- [pool-1-thread-6] c.d.c.service.EmailNotificationService   : Sending notification to owner of ab40bf51-7385-45aa-badb-e80fda293cc0: Amount of 10 has been received from Account number b0cfa62d-347a-4036-8473-165fd9d77937
2024-07-08 17:21:37.351  INFO 13800 --- [pool-1-thread-6] c.d.c.service.EmailNotificationService   : Sending notification to owner of b0cfa62d-347a-4036-8473-165fd9d77937: Amount of 8 has to sent to Account number ab40bf51-7385-45aa-badb-e80fda293cc0
2024-07-08 17:21:37.351  INFO 13800 --- [pool-1-thread-6] c.d.c.service.EmailNotificationService   : Sending notification to owner of ab40bf51-7385-45aa-badb-e80fda293cc0: Amount of 8 has been received from Account number b0cfa62d-347a-4036-8473-165fd9d77937
2024-07-08 17:21:37.351  INFO 13800 --- [pool-1-thread-6] c.d.c.service.EmailNotificationService   : Sending notification to owner of b0cfa62d-347a-4036-8473-165fd9d77937: Amount of 8 has to sent to Account number ab40bf51-7385-45aa-badb-e80fda293cc0
2024-07-08 17:21:37.351  INFO 13800 --- [pool-1-thread-6] c.d.c.service.EmailNotificationService   : Sending notification to owner of ab40bf51-7385-45aa-badb-e80fda293cc0: Amount of 8 has been received from Account number b0cfa62d-347a-4036-8473-165fd9d77937
2024-07-08 17:21:37.351  INFO 13800 --- [pool-1-thread-6] c.d.c.service.EmailNotificationService   : Sending notification to owner of b0cfa62d-347a-4036-8473-165fd9d77937: Amount of 8 has to sent to Account number ab40bf51-7385-45aa-badb-e80fda293cc0
2024-07-08 17:21:37.351  INFO 13800 --- [pool-1-thread-6] c.d.c.service.EmailNotificationService   : Sending notification to owner of ab40bf51-7385-45aa-badb-e80fda293cc0: Amount of 8 has been received from Account number b0cfa62d-347a-4036-8473-165fd9d77937
2024-07-08 17:21:37.351  INFO 13800 --- [pool-1-thread-6] c.d.c.service.EmailNotificationService   : Sending notification to owner of b0cfa62d-347a-4036-8473-165fd9d77937: Amount of 3 has to sent to Account number ab40bf51-7385-45aa-badb-e80fda293cc0
2024-07-08 17:21:37.351  INFO 13800 --- [pool-1-thread-6] c.d.c.service.EmailNotificationService   : Sending notification to owner of ab40bf51-7385-45aa-badb-e80fda293cc0: Amount of 3 has been received from Account number b0cfa62d-347a-4036-8473-165fd9d77937
2024-07-08 17:21:37.351  INFO 13800 --- [pool-1-thread-6] c.d.c.service.EmailNotificationService   : Sending notification to owner of b0cfa62d-347a-4036-8473-165fd9d77937: Amount of 6 has to sent to Account number ab40bf51-7385-45aa-badb-e80fda293cc0
2024-07-08 17:21:37.351  INFO 13800 --- [pool-1-thread-6] c.d.c.service.EmailNotificationService   : Sending notification to owner of ab40bf51-7385-45aa-badb-e80fda293cc0: Amount of 6 has been received from Account number b0cfa62d-347a-4036-8473-165fd9d77937
2024-07-08 17:21:37.351  INFO 13800 --- [pool-1-thread-6] c.d.c.service.EmailNotificationService   : Sending notification to owner of b0cfa62d-347a-4036-8473-165fd9d77937: Amount of 9 has to sent to Account number ab40bf51-7385-45aa-badb-e80fda293cc0
2024-07-08 17:21:37.351  INFO 13800 --- [pool-1-thread-6] c.d.c.service.EmailNotificationService   : Sending notification to owner of ab40bf51-7385-45aa-badb-e80fda293cc0: Amount of 9 has been received from Account number b0cfa62d-347a-4036-8473-165fd9d77937
2024-07-08 17:21:37.351  INFO 13800 --- [pool-1-thread-6] c.d.c.service.EmailNotificationService   : Sending notification to owner of b0cfa62d-347a-4036-8473-165fd9d77937: Amount of 3 has to sent to Account number ab40bf51-7385-45aa-badb-e80fda293cc0
2024-07-08 17:21:37.351  INFO 13800 --- [pool-1-thread-6] c.d.c.service.EmailNotificationService   : Sending notification to owner of ab40bf51-7385-45aa-badb-e80fda293cc0: Amount of 3 has been received from Account number b0cfa62d-347a-4036-8473-165fd9d77937
2024-07-08 17:21:37.351  INFO 13800 --- [pool-1-thread-6] c.d.c.service.EmailNotificationService   : Sending notification to owner of b0cfa62d-347a-4036-8473-165fd9d77937: Amount of 8 has to sent to Account number ab40bf51-7385-45aa-badb-e80fda293cc0
2024-07-08 17:21:37.351  INFO 13800 --- [pool-1-thread-6] c.d.c.service.EmailNotificationService   : Sending notification to owner of ab40bf51-7385-45aa-badb-e80fda293cc0: Amount of 8 has been received from Account number b0cfa62d-347a-4036-8473-165fd9d77937
2024-07-08 17:21:37.351  INFO 13800 --- [pool-1-thread-6] c.d.c.service.EmailNotificationService   : Sending notification to owner of b0cfa62d-347a-4036-8473-165fd9d77937: Amount of 9 has to sent to Account number ab40bf51-7385-45aa-badb-e80fda293cc0
2024-07-08 17:21:37.351  INFO 13800 --- [pool-1-thread-6] c.d.c.service.EmailNotificationService   : Sending notification to owner of ab40bf51-7385-45aa-badb-e80fda293cc0: Amount of 9 has been received from Account number b0cfa62d-347a-4036-8473-165fd9d77937
2024-07-08 17:21:37.351  INFO 13800 --- [pool-1-thread-6] c.d.c.service.EmailNotificationService   : Sending notification to owner of b0cfa62d-347a-4036-8473-165fd9d77937: Amount of 4 has to sent to Account number ab40bf51-7385-45aa-badb-e80fda293cc0
2024-07-08 17:21:37.351  INFO 13800 --- [pool-1-thread-6] c.d.c.service.EmailNotificationService   : Sending notification to owner of ab40bf51-7385-45aa-badb-e80fda293cc0: Amount of 4 has been received from Account number b0cfa62d-347a-4036-8473-165fd9d77937
2024-07-08 17:21:37.351  INFO 13800 --- [pool-1-thread-6] c.d.c.service.EmailNotificationService   : Sending notification to owner of b0cfa62d-347a-4036-8473-165fd9d77937: Amount of 2 has to sent to Account number ab40bf51-7385-45aa-badb-e80fda293cc0
2024-07-08 17:21:37.351  INFO 13800 --- [pool-1-thread-6] c.d.c.service.EmailNotificationService   : Sending notification to owner of ab40bf51-7385-45aa-badb-e80fda293cc0: Amount of 2 has been received from Account number b0cfa62d-347a-4036-8473-165fd9d77937
2024-07-08 17:21:37.351  INFO 13800 --- [pool-1-thread-6] c.d.c.service.EmailNotificationService   : Sending notification to owner of b0cfa62d-347a-4036-8473-165fd9d77937: Amount of 1 has to sent to Account number ab40bf51-7385-45aa-badb-e80fda293cc0
2024-07-08 17:21:37.351  INFO 13800 --- [pool-1-thread-6] c.d.c.service.EmailNotificationService   : Sending notification to owner of ab40bf51-7385-45aa-badb-e80fda293cc0: Amount of 1 has been received from Account number b0cfa62d-347a-4036-8473-165fd9d77937
2024-07-08 17:21:37.351  INFO 13800 --- [pool-1-thread-6] c.d.c.service.EmailNotificationService   : Sending notification to owner of b0cfa62d-347a-4036-8473-165fd9d77937: Amount of 10 has to sent to Account number ab40bf51-7385-45aa-badb-e80fda293cc0
2024-07-08 17:21:37.351  INFO 13800 --- [pool-1-thread-6] c.d.c.service.EmailNotificationService   : Sending notification to owner of ab40bf51-7385-45aa-badb-e80fda293cc0: Amount of 10 has been received from Account number b0cfa62d-347a-4036-8473-165fd9d77937
2024-07-08 17:21:37.351  INFO 13800 --- [pool-1-thread-6] c.d.c.service.EmailNotificationService   : Sending notification to owner of b0cfa62d-347a-4036-8473-165fd9d77937: Amount of 1 has to sent to Account number ab40bf51-7385-45aa-badb-e80fda293cc0
2024-07-08 17:21:37.351  INFO 13800 --- [pool-1-thread-6] c.d.c.service.EmailNotificationService   : Sending notification to owner of ab40bf51-7385-45aa-badb-e80fda293cc0: Amount of 1 has been received from Account number b0cfa62d-347a-4036-8473-165fd9d77937
2024-07-08 17:21:37.351  INFO 13800 --- [pool-1-thread-6] c.d.c.service.EmailNotificationService   : Sending notification to owner of b0cfa62d-347a-4036-8473-165fd9d77937: Amount of 8 has to sent to Account number ab40bf51-7385-45aa-badb-e80fda293cc0
2024-07-08 17:21:37.351  INFO 13800 --- [pool-1-thread-6] c.d.c.service.EmailNotificationService   : Sending notification to owner of ab40bf51-7385-45aa-badb-e80fda293cc0: Amount of 8 has been received from Account number b0cfa62d-347a-4036-8473-165fd9d77937
2024-07-08 17:21:37.351  INFO 13800 --- [pool-1-thread-6] c.d.c.service.EmailNotificationService   : Sending notification to owner of b0cfa62d-347a-4036-8473-165fd9d77937: Amount of 9 has to sent to Account number ab40bf51-7385-45aa-badb-e80fda293cc0
2024-07-08 17:21:37.351  INFO 13800 --- [pool-1-thread-6] c.d.c.service.EmailNotificationService   : Sending notification to owner of ab40bf51-7385-45aa-badb-e80fda293cc0: Amount of 9 has been received from Account number b0cfa62d-347a-4036-8473-165fd9d77937
2024-07-08 17:21:37.351  INFO 13800 --- [pool-1-thread-6] c.d.c.service.EmailNotificationService   : Sending notification to owner of b0cfa62d-347a-4036-8473-165fd9d77937: Amount of 2 has to sent to Account number ab40bf51-7385-45aa-badb-e80fda293cc0
2024-07-08 17:21:37.351  INFO 13800 --- [pool-1-thread-6] c.d.c.service.EmailNotificationService   : Sending notification to owner of ab40bf51-7385-45aa-badb-e80fda293cc0: Amount of 2 has been received from Account number b0cfa62d-347a-4036-8473-165fd9d77937
2024-07-08 17:21:37.351  INFO 13800 --- [pool-1-thread-6] c.d.c.service.EmailNotificationService   : Sending notification to owner of b0cfa62d-347a-4036-8473-165fd9d77937: Amount of 10 has to sent to Account number ab40bf51-7385-45aa-badb-e80fda293cc0
2024-07-08 17:21:37.351  INFO 13800 --- [pool-1-thread-6] c.d.c.service.EmailNotificationService   : Sending notification to owner of ab40bf51-7385-45aa-badb-e80fda293cc0: Amount of 10 has been received from Account number b0cfa62d-347a-4036-8473-165fd9d77937
2024-07-08 17:21:37.351  INFO 13800 --- [pool-1-thread-6] c.d.c.service.EmailNotificationService   : Sending notification to owner of b0cfa62d-347a-4036-8473-165fd9d77937: Amount of 8 has to sent to Account number ab40bf51-7385-45aa-badb-e80fda293cc0
2024-07-08 17:21:37.351  INFO 13800 --- [pool-1-thread-6] c.d.c.service.EmailNotificationService   : Sending notification to owner of ab40bf51-7385-45aa-badb-e80fda293cc0: Amount of 8 has been received from Account number b0cfa62d-347a-4036-8473-165fd9d77937
2024-07-08 17:21:37.351  INFO 13800 --- [pool-1-thread-6] c.d.c.service.EmailNotificationService   : Sending notification to owner of b0cfa62d-347a-4036-8473-165fd9d77937: Amount of 8 has to sent to Account number ab40bf51-7385-45aa-badb-e80fda293cc0
2024-07-08 17:21:37.351  INFO 13800 --- [pool-1-thread-6] c.d.c.service.EmailNotificationService   : Sending notification to owner of ab40bf51-7385-45aa-badb-e80fda293cc0: Amount of 8 has been received from Account number b0cfa62d-347a-4036-8473-165fd9d77937
2024-07-08 17:21:37.351  INFO 13800 --- [pool-1-thread-6] c.d.c.service.EmailNotificationService   : Sending notification to owner of b0cfa62d-347a-4036-8473-165fd9d77937: Amount of 5 has to sent to Account number ab40bf51-7385-45aa-badb-e80fda293cc0
2024-07-08 17:21:37.351  INFO 13800 --- [pool-1-thread-6] c.d.c.service.EmailNotificationService   : Sending notification to owner of ab40bf51-7385-45aa-badb-e80fda293cc0: Amount of 5 has been received from Account number b0cfa62d-347a-4036-8473-165fd9d77937
2024-07-08 17:21:37.351  INFO 13800 --- [pool-1-thread-6] c.d.c.service.EmailNotificationService   : Sending notification to owner of b0cfa62d-347a-4036-8473-165fd9d77937: Amount of 7 has to sent to Account number ab40bf51-7385-45aa-badb-e80fda293cc0
2024-07-08 17:21:37.351  INFO 13800 --- [pool-1-thread-6] c.d.c.service.EmailNotificationService   : Sending notification to owner of ab40bf51-7385-45aa-badb-e80fda293cc0: Amount of 7 has been received from Account number b0cfa62d-347a-4036-8473-165fd9d77937
2024-07-08 17:21:37.351  INFO 13800 --- [pool-1-thread-6] c.d.c.service.EmailNotificationService   : Sending notification to owner of b0cfa62d-347a-4036-8473-165fd9d77937: Amount of 10 has to sent to Account number ab40bf51-7385-45aa-badb-e80fda293cc0
2024-07-08 17:21:37.351  INFO 13800 --- [pool-1-thread-6] c.d.c.service.EmailNotificationService   : Sending notification to owner of ab40bf51-7385-45aa-badb-e80fda293cc0: Amount of 10 has been received from Account number b0cfa62d-347a-4036-8473-165fd9d77937
2024-07-08 17:21:37.351  INFO 13800 --- [pool-1-thread-6] c.d.c.service.EmailNotificationService   : Sending notification to owner of b0cfa62d-347a-4036-8473-165fd9d77937: Amount of 8 has to sent to Account number ab40bf51-7385-45aa-badb-e80fda293cc0
2024-07-08 17:21:37.351  INFO 13800 --- [pool-1-thread-6] c.d.c.service.EmailNotificationService   : Sending notification to owner of ab40bf51-7385-45aa-badb-e80fda293cc0: Amount of 8 has been received from Account number b0cfa62d-347a-4036-8473-165fd9d77937
2024-07-08 17:21:37.351  INFO 13800 --- [pool-1-thread-6] c.d.c.service.EmailNotificationService   : Sending notification to owner of b0cfa62d-347a-4036-8473-165fd9d77937: Amount of 1 has to sent to Account number ab40bf51-7385-45aa-badb-e80fda293cc0
2024-07-08 17:21:37.351  INFO 13800 --- [pool-1-thread-6] c.d.c.service.EmailNotificationService   : Sending notification to owner of ab40bf51-7385-45aa-badb-e80fda293cc0: Amount of 1 has been received from Account number b0cfa62d-347a-4036-8473-165fd9d77937
2024-07-08 17:21:37.351  INFO 13800 --- [pool-1-thread-6] c.d.c.service.EmailNotificationService   : Sending notification to owner of b0cfa62d-347a-4036-8473-165fd9d77937: Amount of 2 has to sent to Account number ab40bf51-7385-45aa-badb-e80fda293cc0
2024-07-08 17:21:37.351  INFO 13800 --- [pool-1-thread-6] c.d.c.service.EmailNotificationService   : Sending notification to owner of ab40bf51-7385-45aa-badb-e80fda293cc0: Amount of 2 has been received from Account number b0cfa62d-347a-4036-8473-165fd9d77937
2024-07-08 17:21:37.351  INFO 13800 --- [pool-1-thread-6] c.d.c.service.EmailNotificationService   : Sending notification to owner of b0cfa62d-347a-4036-8473-165fd9d77937: Amount of 9 has to sent to Account number ab40bf51-7385-45aa-badb-e80fda293cc0
2024-07-08 17:21:37.351  INFO 13800 --- [pool-1-thread-6] c.d.c.service.EmailNotificationService   : Sending notification to owner of ab40bf51-7385-45aa-badb-e80fda293cc0: Amount of 9 has been received from Account number b0cfa62d-347a-4036-8473-165fd9d77937
2024-07-08 17:21:37.335  INFO 13800 --- [pool-1-thread-5] c.d.c.service.EmailNotificationService   : Sending notification to owner of b0cfa62d-347a-4036-8473-165fd9d77937: Amount of 9 has to sent to Account number ab40bf51-7385-45aa-badb-e80fda293cc0
2024-07-08 17:21:37.351  INFO 13800 --- [pool-1-thread-5] c.d.c.service.EmailNotificationService   : Sending notification to owner of ab40bf51-7385-45aa-badb-e80fda293cc0: Amount of 9 has been received from Account number b0cfa62d-347a-4036-8473-165fd9d77937
2024-07-08 17:21:37.335  INFO 13800 --- [pool-1-thread-9] c.d.c.service.EmailNotificationService   : Sending notification to owner of b0cfa62d-347a-4036-8473-165fd9d77937: Amount of 10 has to sent to Account number ab40bf51-7385-45aa-badb-e80fda293cc0
2024-07-08 17:21:37.335  INFO 13800 --- [pool-1-thread-7] c.d.c.service.EmailNotificationService   : Sending notification to owner of b0cfa62d-347a-4036-8473-165fd9d77937: Amount of 8 has to sent to Account number ab40bf51-7385-45aa-badb-e80fda293cc0
2024-07-08 17:21:37.351  INFO 13800 --- [pool-1-thread-7] c.d.c.service.EmailNotificationService   : Sending notification to owner of ab40bf51-7385-45aa-badb-e80fda293cc0: Amount of 8 has been received from Account number b0cfa62d-347a-4036-8473-165fd9d77937
2024-07-08 17:21:37.335  INFO 13800 --- [pool-1-thread-2] c.d.c.service.EmailNotificationService   : Sending notification to owner of ab40bf51-7385-45aa-badb-e80fda293cc0: Amount of 1 has been received from Account number b0cfa62d-347a-4036-8473-165fd9d77937
2024-07-08 17:21:37.335  INFO 13800 --- [pool-1-thread-3] c.d.c.service.EmailNotificationService   : Sending notification to owner of b0cfa62d-347a-4036-8473-165fd9d77937: Amount of 9 has to sent to Account number ab40bf51-7385-45aa-badb-e80fda293cc0
2024-07-08 17:21:37.351  INFO 13800 --- [pool-1-thread-3] c.d.c.service.EmailNotificationService   : Sending notification to owner of ab40bf51-7385-45aa-badb-e80fda293cc0: Amount of 9 has been received from Account number b0cfa62d-347a-4036-8473-165fd9d77937
2024-07-08 17:21:37.335  INFO 13800 --- [pool-1-thread-4] c.d.c.service.EmailNotificationService   : Sending notification to owner of ab40bf51-7385-45aa-badb-e80fda293cc0: Amount of 1 has been received from Account number b0cfa62d-347a-4036-8473-165fd9d77937
2024-07-08 17:21:37.335  INFO 13800 --- [ool-1-thread-10] c.d.c.service.EmailNotificationService   : Sending notification to owner of b0cfa62d-347a-4036-8473-165fd9d77937: Amount of 9 has to sent to Account number ab40bf51-7385-45aa-badb-e80fda293cc0
2024-07-08 17:21:37.335  INFO 13800 --- [pool-1-thread-8] c.d.c.service.EmailNotificationService   : Sending notification to owner of b0cfa62d-347a-4036-8473-165fd9d77937: Amount of 10 has to sent to Account number ab40bf51-7385-45aa-badb-e80fda293cc0
2024-07-08 17:21:37.351  INFO 13800 --- [ool-1-thread-10] c.d.c.service.EmailNotificationService   : Sending notification to owner of ab40bf51-7385-45aa-badb-e80fda293cc0: Amount of 9 has been received from Account number b0cfa62d-347a-4036-8473-165fd9d77937
2024-07-08 17:21:37.351  INFO 13800 --- [pool-1-thread-8] c.d.c.service.EmailNotificationService   : Sending notification to owner of ab40bf51-7385-45aa-badb-e80fda293cc0: Amount of 10 has been received from Account number b0cfa62d-347a-4036-8473-165fd9d77937
2024-07-08 17:21:37.335  INFO 13800 --- [pool-1-thread-1] c.d.c.service.EmailNotificationService   : Sending notification to owner of b0cfa62d-347a-4036-8473-165fd9d77937: Amount of 6 has to sent to Account number ab40bf51-7385-45aa-badb-e80fda293cc0
2024-07-08 17:21:37.351  INFO 13800 --- [pool-1-thread-1] c.d.c.service.EmailNotificationService   : Sending notification to owner of ab40bf51-7385-45aa-badb-e80fda293cc0: Amount of 6 has been received from Account number b0cfa62d-347a-4036-8473-165fd9d77937
2024-07-08 17:21:37.351  INFO 13800 --- [pool-1-thread-9] c.d.c.service.EmailNotificationService   : Sending notification to owner of ab40bf51-7385-45aa-badb-e80fda293cc0: Amount of 10 has been received from Account number b0cfa62d-347a-4036-8473-165fd9d77937
]]></system-out>
  <system-err><![CDATA[]]></system-err>
</testsuite>
